#
# There is insufficient memory for the Java Runtime Environment to continue.
# Native memory allocation (malloc) failed to allocate 32744 bytes for ChunkPool::allocate
# Possible reasons:
#   The system is out of physical RAM or swap space
#   The process is running with CompressedOops enabled, and the Java Heap may be blocking the growth of the native heap
# Possible solutions:
#   Reduce memory load on the system
#   Increase physical memory or swap space
#   Check if swap backing store is full
#   Decrease Java heap size (-Xmx/-Xms)
#   Decrease number of Java threads
#   Decrease Java thread stack sizes (-Xss)
#   Set larger code cache with -XX:ReservedCodeCacheSize=
#   JVM is running with Zero Based Compressed Oops mode in which the Java heap is
#     placed in the first 32GB address space. The Java Heap base address is the
#     maximum limit for the native heap growth. Please use -XX:HeapBaseMinAddress
#     to set the Java Heap base and to place the Java Heap above 32GB virtual address.
# This output file may be truncated or incomplete.
#
#  Out of Memory Error (allocation.cpp:272), pid=22352, tid=0x00000000000059c8
#
# JRE version: OpenJDK Runtime Environment (8.0_352-b08) (build 1.8.0_352-b08)
# Java VM: OpenJDK 64-Bit Server VM (25.352-b08 mixed mode windows-amd64 compressed oops)
# Failed to write core dump. Minidumps are not enabled by default on client versions of Windows
#

---------------  T H R E A D  ---------------

Current thread (0x000001438240a000):  JavaThread "C2 CompilerThread6" daemon [_thread_in_native, id=22984, stack(0x0000003e1dd00000,0x0000003e1de00000)]

Stack: [0x0000003e1dd00000,0x0000003e1de00000]
[error occurred during error reporting (printing stack bounds), id 0xc0000005]

Native frames: (J=compiled Java code, j=interpreted, Vv=VM code, C=native code)


Current CompileTask:
C2:  22029 2896       4       java.net.URLClassLoader$1::run (5 bytes)


---------------  P R O C E S S  ---------------

Java Threads: ( => current thread )
  0x0000014382453000 JavaThread "Service Thread" daemon [_thread_blocked, id=23024, stack(0x0000003e1e300000,0x0000003e1e400000)]
  0x000001438242d800 JavaThread "C1 CompilerThread11" daemon [_thread_blocked, id=23004, stack(0x0000003e1e200000,0x0000003e1e300000)]
  0x000001438242c800 JavaThread "C1 CompilerThread10" daemon [_thread_blocked, id=23000, stack(0x0000003e1e100000,0x0000003e1e200000)]
  0x000001438242c000 JavaThread "C1 CompilerThread9" daemon [_thread_blocked, id=22996, stack(0x0000003e1e000000,0x0000003e1e100000)]
  0x000001438242e800 JavaThread "C1 CompilerThread8" daemon [_thread_blocked, id=22992, stack(0x0000003e1df00000,0x0000003e1e000000)]
  0x0000014382416800 JavaThread "C2 CompilerThread7" daemon [_thread_blocked, id=22988, stack(0x0000003e1de00000,0x0000003e1df00000)]
=>0x000001438240a000 JavaThread "C2 CompilerThread6" daemon [_thread_in_native, id=22984, stack(0x0000003e1dd00000,0x0000003e1de00000)]
  0x0000014382401800 JavaThread "C2 CompilerThread5" daemon [_thread_blocked, id=22980, stack(0x0000003e1dc00000,0x0000003e1dd00000)]
  0x00000143823c6800 JavaThread "C2 CompilerThread4" daemon [_thread_blocked, id=22976, stack(0x0000003e1db00000,0x0000003e1dc00000)]
  0x00000143823bd000 JavaThread "C2 CompilerThread3" daemon [_thread_in_native, id=22972, stack(0x0000003e1da00000,0x0000003e1db00000)]
  0x00000143823b3800 JavaThread "C2 CompilerThread2" daemon [_thread_blocked, id=22968, stack(0x0000003e1d900000,0x0000003e1da00000)]
  0x00000143823b2800 JavaThread "C2 CompilerThread1" daemon [_thread_blocked, id=22964, stack(0x0000003e1d800000,0x0000003e1d900000)]
  0x00000143823af000 JavaThread "C2 CompilerThread0" daemon [_thread_blocked, id=22960, stack(0x0000003e1d700000,0x0000003e1d800000)]
  0x000001438239b000 JavaThread "Attach Listener" daemon [_thread_blocked, id=22956, stack(0x0000003e1d600000,0x0000003e1d700000)]
  0x000001438239a000 JavaThread "Signal Dispatcher" daemon [_thread_blocked, id=22952, stack(0x0000003e1d500000,0x0000003e1d600000)]
  0x00000143ff5d7800 JavaThread "Finalizer" daemon [_thread_blocked, id=22696, stack(0x0000003e1d400000,0x0000003e1d500000)]
  0x00000143ff5d4800 JavaThread "Reference Handler" daemon [_thread_blocked, id=22692, stack(0x0000003e1d300000,0x0000003e1d400000)]
  0x00000143e4568800 JavaThread "main" [_thread_in_native, id=9236, stack(0x0000003e1c400000,0x0000003e1c500000)]

Other Threads:
  0x00000143ff5ab000 VMThread [stack: 0x0000003e1d200000,0x0000003e1d300000] [id=22688]
  0x0000014382454000 WatcherThread [stack: 0x0000003e1e400000,0x0000003e1e500000] [id=23028]

VM state:not at safepoint (normal execution)

VM Mutex/Monitor currently owned by a thread: None

heap address: 0x00000006c2000000, size: 4064 MB, Compressed Oops mode: Zero based, Oop shift amount: 3
Narrow klass base: 0x0000000000000000, Narrow klass shift: 3
Compressed class space size: 1073741824 Address: 0x00000007c0000000

Heap:
 PSYoungGen      total 140800K, used 71026K [0x000000076b580000, 0x0000000774980000, 0x00000007c0000000)
  eden space 130048K, 46% used [0x000000076b580000,0x000000076f062040,0x0000000773480000)
  from space 10752K, 99% used [0x0000000773f00000,0x000000077497a8f8,0x0000000774980000)
  to   space 10752K, 0% used [0x0000000773480000,0x0000000773480000,0x0000000773f00000)
 ParOldGen       total 173568K, used 2133K [0x00000006c2000000, 0x00000006cc980000, 0x000000076b580000)
  object space 173568K, 1% used [0x00000006c2000000,0x00000006c2215660,0x00000006cc980000)
 Metaspace       used 16394K, capacity 16710K, committed 17024K, reserved 1064960K
  class space    used 1944K, capacity 2052K, committed 2176K, reserved 1048576K

Card table byte_map: [0x00000143f5650000,0x00000143f5e50000] byte_map_base: 0x00000143f2040000

Marking Bits: (ParMarkBitMap*) 0x0000000051d97820
 Begin Bits: [0x00000143f63a0000, 0x00000143fa320000)
 End Bits:   [0x00000143fa320000, 0x00000143fe2a0000)

Polling page: 0x00000143e4770000

CodeCache: size=245760Kb used=11786Kb max_used=11786Kb free=233973Kb
 bounds [0x00000143e6290000, 0x00000143e6e20000, 0x00000143f5290000]
 total_blobs=3311 nmethods=2937 adapters=282
 compilation: enabled

Compilation events (10 events):
Event: 21.769 Thread 0x000001438242e800 2937       1       org.apache.maven.model.building.DefaultModelBuildingResult::getModelIds (5 bytes)
Event: 21.769 Thread 0x000001438242e800 nmethod 2937 0x00000143e6e19710 code [0x00000143e6e19860, 0x00000143e6e19978]
Event: 21.928 Thread 0x000001438242e800 2938       3       java.lang.String::format (16 bytes)
Event: 21.928 Thread 0x000001438242d800 2939       3       java.util.Formatter::<init> (18 bytes)
Event: 21.928 Thread 0x000001438242c000 2940       3       java.util.Formatter::format (11 bytes)
Event: 21.928 Thread 0x000001438242c800 2941       3       java.util.Formatter::toString (12 bytes)
Event: 21.928 Thread 0x000001438242c000 nmethod 2940 0x00000143e6e192d0 code [0x00000143e6e19440, 0x00000143e6e19670]
Event: 21.928 Thread 0x000001438242c800 nmethod 2941 0x00000143e6e18c90 code [0x00000143e6e18e20, 0x00000143e6e19160]
Event: 21.929 Thread 0x000001438242d800 nmethod 2939 0x00000143e6e18090 code [0x00000143e6e18260, 0x00000143e6e18910]
Event: 21.929 Thread 0x000001438242e800 nmethod 2938 0x00000143e6e1af90 code [0x00000143e6e1b1c0, 0x00000143e6e1bda0]

GC Heap History (4 events):
Event: 9.758 GC heap before
{Heap before GC invocations=1 (full 0):
 PSYoungGen      total 75776K, used 65024K [0x000000076b580000, 0x0000000770a00000, 0x00000007c0000000)
  eden space 65024K, 100% used [0x000000076b580000,0x000000076f500000,0x000000076f500000)
  from space 10752K, 0% used [0x000000076ff80000,0x000000076ff80000,0x0000000770a00000)
  to   space 10752K, 0% used [0x000000076f500000,0x000000076f500000,0x000000076ff80000)
 ParOldGen       total 173568K, used 0K [0x00000006c2000000, 0x00000006cc980000, 0x000000076b580000)
  object space 173568K, 0% used [0x00000006c2000000,0x00000006c2000000,0x00000006cc980000)
 Metaspace       used 11879K, capacity 12084K, committed 12288K, reserved 1060864K
  class space    used 1439K, capacity 1513K, committed 1536K, reserved 1048576K
Event: 10.523 GC heap after
Heap after GC invocations=1 (full 0):
 PSYoungGen      total 75776K, used 9855K [0x000000076b580000, 0x0000000774980000, 0x00000007c0000000)
  eden space 65024K, 0% used [0x000000076b580000,0x000000076b580000,0x000000076f500000)
  from space 10752K, 91% used [0x000000076f500000,0x000000076fe9ffb8,0x000000076ff80000)
  to   space 10752K, 0% used [0x0000000773f00000,0x0000000773f00000,0x0000000774980000)
 ParOldGen       total 173568K, used 8K [0x00000006c2000000, 0x00000006cc980000, 0x000000076b580000)
  object space 173568K, 0% used [0x00000006c2000000,0x00000006c2002000,0x00000006cc980000)
 Metaspace       used 11879K, capacity 12084K, committed 12288K, reserved 1060864K
  class space    used 1439K, capacity 1513K, committed 1536K, reserved 1048576K
}
Event: 18.893 GC heap before
{Heap before GC invocations=2 (full 0):
 PSYoungGen      total 75776K, used 74879K [0x000000076b580000, 0x0000000774980000, 0x00000007c0000000)
  eden space 65024K, 100% used [0x000000076b580000,0x000000076f500000,0x000000076f500000)
  from space 10752K, 91% used [0x000000076f500000,0x000000076fe9ffb8,0x000000076ff80000)
  to   space 10752K, 0% used [0x0000000773f00000,0x0000000773f00000,0x0000000774980000)
 ParOldGen       total 173568K, used 8K [0x00000006c2000000, 0x00000006cc980000, 0x000000076b580000)
  object space 173568K, 0% used [0x00000006c2000000,0x00000006c2002000,0x00000006cc980000)
 Metaspace       used 15543K, capacity 15758K, committed 16128K, reserved 1062912K
  class space    used 1864K, capacity 1948K, committed 2048K, reserved 1048576K
Event: 19.484 GC heap after
Heap after GC invocations=2 (full 0):
 PSYoungGen      total 140800K, used 10730K [0x000000076b580000, 0x0000000774980000, 0x00000007c0000000)
  eden space 130048K, 0% used [0x000000076b580000,0x000000076b580000,0x0000000773480000)
  from space 10752K, 99% used [0x0000000773f00000,0x000000077497a8f8,0x0000000774980000)
  to   space 10752K, 0% used [0x0000000773480000,0x0000000773480000,0x0000000773f00000)
 ParOldGen       total 173568K, used 2133K [0x00000006c2000000, 0x00000006cc980000, 0x000000076b580000)
  object space 173568K, 1% used [0x00000006c2000000,0x00000006c2215660,0x00000006cc980000)
 Metaspace       used 15543K, capacity 15758K, committed 16128K, reserved 1062912K
  class space    used 1864K, capacity 1948K, committed 2048K, reserved 1048576K
}

Deoptimization events (10 events):
Event: 21.348 Thread 0x00000143e4568800 Uncommon trap: reason=unstable_if action=reinterpret pc=0x00000143e6a700e8 method=sun.net.www.protocol.jar.Handler.parseURL(Ljava/net/URL;Ljava/lang/String;II)V @ 116
Event: 21.631 Thread 0x00000143e4568800 Uncommon trap: reason=predicate action=maybe_recompile pc=0x00000143e6dfd1e0 method=java.util.TimSort.binarySort([Ljava/lang/Object;IIILjava/util/Comparator;)V @ 37
Event: 21.653 Thread 0x00000143e4568800 Uncommon trap: reason=array_check action=maybe_recompile pc=0x00000143e6dfbc68 method=java.util.TimSort.binarySort([Ljava/lang/Object;IIILjava/util/Comparator;)V @ 193
Event: 21.654 Thread 0x00000143e4568800 Uncommon trap: reason=array_check action=maybe_recompile pc=0x00000143e6dfbc68 method=java.util.TimSort.binarySort([Ljava/lang/Object;IIILjava/util/Comparator;)V @ 193
Event: 21.656 Thread 0x00000143e4568800 Uncommon trap: reason=array_check action=maybe_recompile pc=0x00000143e6dfbc68 method=java.util.TimSort.binarySort([Ljava/lang/Object;IIILjava/util/Comparator;)V @ 193
Event: 21.656 Thread 0x00000143e4568800 Uncommon trap: reason=array_check action=maybe_recompile pc=0x00000143e6dfbba4 method=java.util.TimSort.binarySort([Ljava/lang/Object;IIILjava/util/Comparator;)V @ 215
Event: 21.656 Thread 0x00000143e4568800 Uncommon trap: reason=array_check action=maybe_recompile pc=0x00000143e6dfbc68 method=java.util.TimSort.binarySort([Ljava/lang/Object;IIILjava/util/Comparator;)V @ 193
Event: 21.659 Thread 0x00000143e4568800 Uncommon trap: reason=null_check action=make_not_entrant pc=0x00000143e6d2da40 method=com.google.inject.internal.InjectorImpl.enterContext()Lcom/google/inject/internal/InternalContext; @ 7
Event: 21.665 Thread 0x00000143e4568800 Uncommon trap: reason=null_check action=make_not_entrant pc=0x00000143e6d66020 method=org.eclipse.sisu.plexus.ClassRealmManager.visibleRealmNames(Lorg/codehaus/plexus/classworlds/realm/ClassRealm;)Ljava/util/Set; @ 19
Event: 21.704 Thread 0x00000143e4568800 Uncommon trap: reason=bimorphic action=maybe_recompile pc=0x00000143e6b16144 method=java.util.concurrent.ConcurrentHashMap.get(Ljava/lang/Object;)Ljava/lang/Object; @ 149

Classes redefined (0 events):
No events

Internal exceptions (10 events):
Event: 12.953 Thread 0x00000143e4568800 Exception <a 'java/lang/NullPointerException'> (0x000000076cbee268) thrown at [C:\wsjdk\Corretto8Src\installers\windows\zip\corretto-build\buildRoot\hotspot\src\share\vm\interpreter\linkResolver.cpp, line 1185]
Event: 12.953 Thread 0x00000143e4568800 Exception <a 'java/lang/NullPointerException'> (0x000000076cbee480) thrown at [C:\wsjdk\Corretto8Src\installers\windows\zip\corretto-build\buildRoot\hotspot\src\share\vm\interpreter\linkResolver.cpp, line 1185]
Event: 13.668 Thread 0x00000143e4568800 Implicit null exception at 0x00000143e666e956 to 0x00000143e666ed11
Event: 13.668 Thread 0x00000143e4568800 Implicit null exception at 0x00000143e6644396 to 0x00000143e664474d
Event: 13.995 Thread 0x00000143e4568800 Implicit null exception at 0x00000143e6b20244 to 0x00000143e6b21651
Event: 19.706 Thread 0x00000143e4568800 Implicit null exception at 0x00000143e6d610a8 to 0x00000143e6d62651
Event: 19.765 Thread 0x00000143e4568800 Implicit null exception at 0x00000143e6d71cd7 to 0x00000143e6d738c5
Event: 20.621 Thread 0x00000143e4568800 Implicit null exception at 0x00000143e6db3803 to 0x00000143e6db3a4d
Event: 21.659 Thread 0x00000143e4568800 Implicit null exception at 0x00000143e6d2d5d7 to 0x00000143e6d2da31
Event: 21.665 Thread 0x00000143e4568800 Implicit null exception at 0x00000143e6d654d4 to 0x00000143e6d66001

Events (10 events):
Event: 21.659 Thread 0x00000143e4568800 DEOPT PACKING pc=0x00000143e6d2da40 sp=0x0000003e1c4fdb60
Event: 21.659 Thread 0x00000143e4568800 DEOPT UNPACKING pc=0x00000143e62d5583 sp=0x0000003e1c4fdb28 mode 2
Event: 21.664 loading class org/apache/maven/project/DefaultProjectRealmCache$CacheKey
Event: 21.664 loading class org/apache/maven/project/DefaultProjectRealmCache$CacheKey done
Event: 21.665 Thread 0x00000143e4568800 Uncommon trap: trap_request=0xfffffff4 fr.pc=0x00000143e6d66020
Event: 21.665 Thread 0x00000143e4568800 DEOPT PACKING pc=0x00000143e6d66020 sp=0x0000003e1c4fe060
Event: 21.665 Thread 0x00000143e4568800 DEOPT UNPACKING pc=0x00000143e62d5583 sp=0x0000003e1c4fdea8 mode 2
Event: 21.704 Thread 0x00000143e4568800 Uncommon trap: trap_request=0xffffffc6 fr.pc=0x00000143e6b16144
Event: 21.704 Thread 0x00000143e4568800 DEOPT PACKING pc=0x00000143e6b16144 sp=0x0000003e1c4fe250
Event: 21.704 Thread 0x00000143e4568800 DEOPT UNPACKING pc=0x00000143e62d5583 sp=0x0000003e1c4fe1c8 mode 2


Dynamic libraries:
0x00007ff7f7350000 - 0x00007ff7f738a000 	D:\Java_jdk\java_jdk_1.8\bin\java.exe
0x00007fffa84b0000 - 0x00007fffa86a8000 	C:\Windows\SYSTEM32\ntdll.dll
0x00007fffa6510000 - 0x00007fffa65cf000 	C:\Windows\System32\KERNEL32.DLL
0x00007fffa5c30000 - 0x00007fffa5f26000 	C:\Windows\System32\KERNELBASE.dll
0x00007fffa8270000 - 0x00007fffa831f000 	C:\Windows\System32\ADVAPI32.dll
0x00007fffa8190000 - 0x00007fffa822e000 	C:\Windows\System32\msvcrt.dll
0x00007fffa6f30000 - 0x00007fffa6fcc000 	C:\Windows\System32\sechost.dll
0x00007fffa7030000 - 0x00007fffa7156000 	C:\Windows\System32\RPCRT4.dll
0x00007fffa6b00000 - 0x00007fffa6c9d000 	C:\Windows\System32\USER32.dll
0x00007fffa64e0000 - 0x00007fffa6502000 	C:\Windows\System32\win32u.dll
0x00007fffa8440000 - 0x00007fffa846c000 	C:\Windows\System32\GDI32.dll
0x00007fffa62e0000 - 0x00007fffa63f5000 	C:\Windows\System32\gdi32full.dll
0x00007fffa5b90000 - 0x00007fffa5c2d000 	C:\Windows\System32\msvcp_win.dll
0x00007fffa6170000 - 0x00007fffa6270000 	C:\Windows\System32\ucrtbase.dll
0x00007fff90a70000 - 0x00007fff90d0a000 	C:\Windows\WinSxS\amd64_microsoft.windows.common-controls_6595b64144ccf1df_6.0.19041.1110_none_60b5254171f9507e\COMCTL32.dll
0x00007fffa69a0000 - 0x00007fffa69d0000 	C:\Windows\System32\IMM32.DLL
0x00007fff82790000 - 0x00007fff8287f000 	D:\Java_jdk\java_jdk_1.8\jre\bin\msvcr120.dll
0x00007fff84f00000 - 0x00007fff84fa6000 	D:\Java_jdk\java_jdk_1.8\jre\bin\msvcp120.dll
0x00000000515a0000 - 0x0000000051e16000 	D:\Java_jdk\java_jdk_1.8\jre\bin\server\jvm.dll
0x00007fffa8230000 - 0x00007fffa8238000 	C:\Windows\System32\PSAPI.DLL
0x00007fffa2d10000 - 0x00007fffa2d19000 	C:\Windows\SYSTEM32\WSOCK32.dll
0x00007fffa6d00000 - 0x00007fffa6d6b000 	C:\Windows\System32\WS2_32.dll
0x00007fff9f750000 - 0x00007fff9f75a000 	C:\Windows\SYSTEM32\VERSION.dll
0x00007fff935c0000 - 0x00007fff935e7000 	C:\Windows\SYSTEM32\WINMM.dll
0x00007fff8f070000 - 0x00007fff8f07f000 	D:\Java_jdk\java_jdk_1.8\jre\bin\verify.dll
0x00007fff84860000 - 0x00007fff84889000 	D:\Java_jdk\java_jdk_1.8\jre\bin\java.dll
0x00007fff886d0000 - 0x00007fff886e6000 	D:\Java_jdk\java_jdk_1.8\jre\bin\zip.dll
0x00007fffa7270000 - 0x00007fffa79b4000 	C:\Windows\System32\SHELL32.dll
0x00007fffa3b20000 - 0x00007fffa42b4000 	C:\Windows\SYSTEM32\windows.storage.dll
0x00007fffa79c0000 - 0x00007fffa7d14000 	C:\Windows\System32\combase.dll
0x00007fffa55d0000 - 0x00007fffa55fe000 	C:\Windows\SYSTEM32\Wldp.dll
0x00007fffa6a50000 - 0x00007fffa6afd000 	C:\Windows\System32\SHCORE.dll
0x00007fffa6ca0000 - 0x00007fffa6cf5000 	C:\Windows\System32\shlwapi.dll
0x00007fffa5ac0000 - 0x00007fffa5ae5000 	C:\Windows\SYSTEM32\profapi.dll
0x00007fffa5520000 - 0x00007fffa5538000 	C:\Windows\SYSTEM32\CRYPTSP.dll
0x00007fffa4be0000 - 0x00007fffa4c14000 	C:\Windows\system32\rsaenh.dll
0x00007fffa6140000 - 0x00007fffa6167000 	C:\Windows\System32\bcrypt.dll
0x00007fffa5a40000 - 0x00007fffa5a6e000 	C:\Windows\SYSTEM32\USERENV.dll
0x00007fffa6450000 - 0x00007fffa64d2000 	C:\Windows\System32\bcryptprimitives.dll
0x00007fffa5540000 - 0x00007fffa554c000 	C:\Windows\SYSTEM32\CRYPTBASE.dll
0x00007fff85c60000 - 0x00007fff85c7a000 	D:\Java_jdk\java_jdk_1.8\jre\bin\net.dll
0x00007fffa5330000 - 0x00007fffa539a000 	C:\Windows\system32\mswsock.dll
0x00007fffa4fd0000 - 0x00007fffa500c000 	C:\Windows\SYSTEM32\IPHLPAPI.DLL
0x00007fffa6d70000 - 0x00007fffa6d78000 	C:\Windows\System32\NSI.dll
0x00007fff9ecb0000 - 0x00007fff9ecc7000 	C:\Windows\SYSTEM32\dhcpcsvc6.DLL
0x00007fff9ed80000 - 0x00007fff9ed9d000 	C:\Windows\SYSTEM32\dhcpcsvc.DLL
0x00007fffa5010000 - 0x00007fffa50da000 	C:\Windows\SYSTEM32\DNSAPI.dll
0x00007fff854f0000 - 0x00007fff85502000 	D:\Java_jdk\java_jdk_1.8\jre\bin\nio.dll
0x00007fff845d0000 - 0x00007fff845da000 	C:\Users\Lenovo\AppData\Local\Temp\jansi-1.17.1-5221440797367624616.dll
0x00007fff835c0000 - 0x00007fff835ca000 	C:\Users\Lenovo\AppData\Local\Temp\jansi-1.17.1-8702812213784662275.dll

VM Arguments:
jvm_args: -Dmaven.multiModuleProjectDirectory=D:\weiyunmall -Dmaven.home=D:\IDEA\apache-maven-3.6.1 -Dclassworlds.conf=D:\IDEA\apache-maven-3.6.1\bin\m2.conf -Dmaven.ext.class.path=D:\UltimateIDEA\IntelliJ IDEA 2022.2.4\plugins\maven\lib\maven-event-listener.jar -Dfile.encoding=UTF-8 
java_command: org.codehaus.classworlds.Launcher -Didea.version=2022.2.4 -s D:\IDEA\apache-maven-3.6.1\conf\settings.xml -Dmaven.repo.local=D:\IDEA\apache-maven-3.6.1\repository install --projects io.renren:renren-generator,com.taotao.weiyunmall:weiyunmall-coupon,io.renren:renren-fast,com.taotao.weiyunmall:weiyunmall-product,com.taotao:weiyunmall-gateway,com.taotao.weiyunmall:weiyunmall-ware,groupId:weiyunmall-common,com.taotao.weiyunmall:weiyunmall-member,groupId:weiyunmall,com.taotao.weiyunmall:weiyunmall-order,com.taotao.weiyunmall:weiyunmall-third-party,com.taotao.weiyunmall:weiyunmall-search -P jdk-1.8
java_class_path (initial): D:\IDEA\apache-maven-3.6.1\boot\plexus-classworlds-2.6.0.jar
Launcher Type: SUN_STANDARD

Environment Variables:
PATH=D:\Java_jdk\jdk_18\bin;C:\Program Files\Common Files\Oracle\Java\javapath;D:\QT\5.12.1\mingw73_64\bin.;C:\Windows\system32;C:\Windows;C:\Windows\System32\Wbem;C:\Windows\System32\WindowsPowerShell\v1.0\;C:\Windows\System32\OpenSSH\;D:\git hub\Git\cmd;D:\software\Anaconda3;D:\software\Anaconda3\Scripts;D:\MatLab\runtime\win64;D:\MatLab\bin;D:\MatLab\polyspace\bin;D:\mysql-5.7.24-winx64\bin;D:\IDEA\apache-maven-3.6.1\bin;D:\Win_Flex\win_flex_bison-latest;D:\Go\bin;D:\Node\node-v10.24.1-win-x64\node_modules\@vue\cli-init\node_modules\.bin;D:\Node\node-v10.24.1-win-x64;D:\Python解释器\Scripts\;D:\Python解释器\;C:\Users\Lenovo\AppData\Local\Microsoft\WindowsApps;C:\Program Files\Bandizip\;D:\pycharm\PyCharm Community Edition 2021.2.3\bin;;D:\QQ游戏大厅\QQGameTempest\Hall.57915\;C:\Users\Lenovo\go\bin;D:\VSCode\Microsoft VS Code\bin;C:\Users\Lenovo\AppData\Roaming\npm;D:\Node\node-v10.24.1-win-x64\node_modules\@vue\cli-init\node_modules\.bin;
USERNAME=Lenovo
OS=Windows_NT
PROCESSOR_IDENTIFIER=Intel64 Family 6 Model 165 Stepping 2, GenuineIntel



---------------  S Y S T E M  ---------------

OS: Windows 10 , 64 bit Build 19041 (10.0.19041.3155)

CPU:total 16 (initial active 16) (8 cores per cpu, 2 threads per core) family 6 model 165 stepping 2, cmov, cx8, fxsr, mmx, sse, sse2, sse3, ssse3, sse4.1, sse4.2, popcnt, avx, avx2, aes, clmul, erms, 3dnowpref, lzcnt, ht, tsc, tscinvbit, bmi1, bmi2, adx

Memory: 4k page, physical 16640816k(377692k free), swap 36251200k(4108k free)

vm_info: OpenJDK 64-Bit Server VM (25.352-b08) for windows-amd64 JRE (1.8.0_352-b08), built on Oct 14 2022 21:22:09 by "Administrator" with MS VC++ 12.0 (VS2013)

time: Fri Jul 28 19:40:07 2023
timezone: 中国标准时间
elapsed time: 22.034786 seconds (0d 0h 0m 22s)

