#
# There is insufficient memory for the Java Runtime Environment to continue.
# Native memory allocation (malloc) failed to allocate 163856 bytes for Chunk::new
# Possible reasons:
#   The system is out of physical RAM or swap space
#   The process is running with CompressedOops enabled, and the Java Heap may be blocking the growth of the native heap
# Possible solutions:
#   Reduce memory load on the system
#   Increase physical memory or swap space
#   Check if swap backing store is full
#   Decrease Java heap size (-Xmx/-Xms)
#   Decrease number of Java threads
#   Decrease Java thread stack sizes (-Xss)
#   Set larger code cache with -XX:ReservedCodeCacheSize=
#   JVM is running with Zero Based Compressed Oops mode in which the Java heap is
#     placed in the first 32GB address space. The Java Heap base address is the
#     maximum limit for the native heap growth. Please use -XX:HeapBaseMinAddress
#     to set the Java Heap base and to place the Java Heap above 32GB virtual address.
# This output file may be truncated or incomplete.
#
#  Out of Memory Error (allocation.cpp:389), pid=8468, tid=0x0000000000002cc4
#
# JRE version: OpenJDK Runtime Environment (8.0_352-b08) (build 1.8.0_352-b08)
# Java VM: OpenJDK 64-Bit Server VM (25.352-b08 mixed mode windows-amd64 compressed oops)
# Failed to write core dump. Minidumps are not enabled by default on client versions of Windows
#

---------------  T H R E A D  ---------------

Current thread (0x000001962a6ee000):  JavaThread "C2 CompilerThread2" daemon [_thread_in_native, id=11460, stack(0x00000054d8b00000,0x00000054d8c00000)]

Stack: [0x00000054d8b00000,0x00000054d8c00000]
[error occurred during error reporting (printing stack bounds), id 0xc0000005]

Native frames: (J=compiled Java code, j=interpreted, Vv=VM code, C=native code)


Current CompileTask:
C2:  31236 3613   !   4       java.io.BufferedReader::readLine (304 bytes)


---------------  P R O C E S S  ---------------

Java Threads: ( => current thread )
  0x000001962a7f3000 JavaThread "Service Thread" daemon [_thread_blocked, id=9528, stack(0x00000054d9500000,0x00000054d9600000)]
  0x000001962a796000 JavaThread "C1 CompilerThread11" daemon [_thread_blocked, id=12556, stack(0x00000054d9400000,0x00000054d9500000)]
  0x000001962a77c800 JavaThread "C1 CompilerThread10" daemon [_thread_blocked, id=8764, stack(0x00000054d9300000,0x00000054d9400000)]
  0x000001962a76f000 JavaThread "C1 CompilerThread9" daemon [_thread_blocked, id=7792, stack(0x00000054d9200000,0x00000054d9300000)]
  0x000001962a752000 JavaThread "C1 CompilerThread8" daemon [_thread_blocked, id=9808, stack(0x00000054d9100000,0x00000054d9200000)]
  0x000001962a731800 JavaThread "C2 CompilerThread7" daemon [_thread_blocked, id=17816, stack(0x00000054d9000000,0x00000054d9100000)]
  0x000001962a6ff800 JavaThread "C2 CompilerThread6" daemon [_thread_blocked, id=12268, stack(0x00000054d8f00000,0x00000054d9000000)]
  0x000001962a6ff000 JavaThread "C2 CompilerThread5" daemon [_thread_blocked, id=11736, stack(0x00000054d8e00000,0x00000054d8f00000)]
  0x000001962a6f1800 JavaThread "C2 CompilerThread4" daemon [_thread_blocked, id=2640, stack(0x00000054d8d00000,0x00000054d8e00000)]
  0x000001962a6f1000 JavaThread "C2 CompilerThread3" daemon [_thread_blocked, id=21324, stack(0x00000054d8c00000,0x00000054d8d00000)]
=>0x000001962a6ee000 JavaThread "C2 CompilerThread2" daemon [_thread_in_native, id=11460, stack(0x00000054d8b00000,0x00000054d8c00000)]
  0x000001962a6ed800 JavaThread "C2 CompilerThread1" daemon [_thread_blocked, id=16200, stack(0x00000054d8a00000,0x00000054d8b00000)]
  0x000001962a6e9800 JavaThread "C2 CompilerThread0" daemon [_thread_blocked, id=10608, stack(0x00000054d8900000,0x00000054d8a00000)]
  0x000001962a6e6000 JavaThread "Attach Listener" daemon [_thread_blocked, id=1940, stack(0x00000054d8800000,0x00000054d8900000)]
  0x000001962a6e5000 JavaThread "Signal Dispatcher" daemon [_thread_blocked, id=9584, stack(0x00000054d8700000,0x00000054d8800000)]
  0x000001962796f800 JavaThread "Finalizer" daemon [_thread_blocked, id=13068, stack(0x00000054d8600000,0x00000054d8700000)]
  0x000001962a660800 JavaThread "Reference Handler" daemon [_thread_blocked, id=21140, stack(0x00000054d8500000,0x00000054d8600000)]
  0x000001960c958800 JavaThread "main" [_thread_in_Java, id=16804, stack(0x00000054d7600000,0x00000054d7700000)]

Other Threads:
  0x0000019627953800 VMThread [stack: 0x00000054d8400000,0x00000054d8500000] [id=14620]
  0x000001962a7f3800 WatcherThread [stack: 0x00000054d9600000,0x00000054d9700000] [id=10176]

VM state:not at safepoint (normal execution)

VM Mutex/Monitor currently owned by a thread: None

heap address: 0x00000006c2000000, size: 4064 MB, Compressed Oops mode: Zero based, Oop shift amount: 3
Narrow klass base: 0x0000000000000000, Narrow klass shift: 3
Compressed class space size: 1073741824 Address: 0x00000007c0000000

Heap:
 PSYoungGen      total 140800K, used 48365K [0x000000076b580000, 0x000000077c880000, 0x00000007c0000000)
  eden space 130048K, 28% used [0x000000076b580000,0x000000076da3d4c0,0x0000000773480000)
  from space 10752K, 99% used [0x0000000773480000,0x0000000773efe030,0x0000000773f00000)
  to   space 10752K, 0% used [0x000000077be00000,0x000000077be00000,0x000000077c880000)
 ParOldGen       total 173568K, used 16198K [0x00000006c2000000, 0x00000006cc980000, 0x000000076b580000)
  object space 173568K, 9% used [0x00000006c2000000,0x00000006c2fd1bd0,0x00000006cc980000)
 Metaspace       used 17533K, capacity 18022K, committed 18304K, reserved 1064960K
  class space    used 2031K, capacity 2162K, committed 2176K, reserved 1048576K

Card table byte_map: [0x000001961d9f0000,0x000001961e1f0000] byte_map_base: 0x000001961a3e0000

Marking Bits: (ParMarkBitMap*) 0x0000000051d97820
 Begin Bits: [0x000001961e740000, 0x00000196226c0000)
 End Bits:   [0x00000196226c0000, 0x0000019626640000)

Polling page: 0x000001960caa0000

CodeCache: size=245760Kb used=12389Kb max_used=13808Kb free=233370Kb
 bounds [0x000001960e630000, 0x000001960f3c0000, 0x000001961d630000]
 total_blobs=3542 nmethods=3166 adapters=284
 compilation: enabled

Compilation events (10 events):
Event: 30.865 Thread 0x000001962a77c800 3610       3       org.eclipse.aether.repository.RemoteRepository$Builder::setContentType (39 bytes)
Event: 30.865 Thread 0x000001962a77c800 nmethod 3610 0x000001960ee23810 code [0x000001960ee23980, 0x000001960ee23c90]
Event: 30.865 Thread 0x000001962a796000 nmethod 3609 0x000001960e9a2110 code [0x000001960e9a22a0, 0x000001960e9a26b0]
Event: 30.869 Thread 0x000001962a76f000 3611       3       java.io.File::getAbsoluteFile (38 bytes)
Event: 30.869 Thread 0x000001962a76f000 nmethod 3611 0x000001960ec716d0 code [0x000001960ec71880, 0x000001960ec71d50]
Event: 30.870 Thread 0x000001962a752000 3612   !   3       org.apache.maven.model.Parent::clone (73 bytes)
Event: 30.871 Thread 0x000001962a752000 nmethod 3612 0x000001960e8fced0 code [0x000001960e8fd120, 0x000001960e8fe100]
Event: 31.223 Thread 0x000001962a6ee000 3613   !   4       java.io.BufferedReader::readLine (304 bytes)
Event: 31.232 Thread 0x000001962a77c800 3614       3       org.codehaus.plexus.util.xml.XmlReader::close (8 bytes)
Event: 31.232 Thread 0x000001962a77c800 nmethod 3614 0x000001960ef0d810 code [0x000001960ef0d980, 0x000001960ef0dbb0]

GC Heap History (6 events):
Event: 5.329 GC heap before
{Heap before GC invocations=1 (full 0):
 PSYoungGen      total 75776K, used 65024K [0x000000076b580000, 0x0000000770a00000, 0x00000007c0000000)
  eden space 65024K, 100% used [0x000000076b580000,0x000000076f500000,0x000000076f500000)
  from space 10752K, 0% used [0x000000076ff80000,0x000000076ff80000,0x0000000770a00000)
  to   space 10752K, 0% used [0x000000076f500000,0x000000076f500000,0x000000076ff80000)
 ParOldGen       total 173568K, used 0K [0x00000006c2000000, 0x00000006cc980000, 0x000000076b580000)
  object space 173568K, 0% used [0x00000006c2000000,0x00000006c2000000,0x00000006cc980000)
 Metaspace       used 11858K, capacity 12084K, committed 12288K, reserved 1060864K
  class space    used 1438K, capacity 1513K, committed 1536K, reserved 1048576K
Event: 5.540 GC heap after
Heap after GC invocations=1 (full 0):
 PSYoungGen      total 75776K, used 9877K [0x000000076b580000, 0x0000000774980000, 0x00000007c0000000)
  eden space 65024K, 0% used [0x000000076b580000,0x000000076b580000,0x000000076f500000)
  from space 10752K, 91% used [0x000000076f500000,0x000000076fea57c0,0x000000076ff80000)
  to   space 10752K, 0% used [0x0000000773f00000,0x0000000773f00000,0x0000000774980000)
 ParOldGen       total 173568K, used 8K [0x00000006c2000000, 0x00000006cc980000, 0x000000076b580000)
  object space 173568K, 0% used [0x00000006c2000000,0x00000006c2002000,0x00000006cc980000)
 Metaspace       used 11858K, capacity 12084K, committed 12288K, reserved 1060864K
  class space    used 1438K, capacity 1513K, committed 1536K, reserved 1048576K
}
Event: 13.961 GC heap before
{Heap before GC invocations=2 (full 0):
 PSYoungGen      total 75776K, used 74901K [0x000000076b580000, 0x0000000774980000, 0x00000007c0000000)
  eden space 65024K, 100% used [0x000000076b580000,0x000000076f500000,0x000000076f500000)
  from space 10752K, 91% used [0x000000076f500000,0x000000076fea57c0,0x000000076ff80000)
  to   space 10752K, 0% used [0x0000000773f00000,0x0000000773f00000,0x0000000774980000)
 ParOldGen       total 173568K, used 8K [0x00000006c2000000, 0x00000006cc980000, 0x000000076b580000)
  object space 173568K, 0% used [0x00000006c2000000,0x00000006c2002000,0x00000006cc980000)
 Metaspace       used 15500K, capacity 15758K, committed 16128K, reserved 1062912K
  class space    used 1864K, capacity 1948K, committed 2048K, reserved 1048576K
Event: 14.157 GC heap after
Heap after GC invocations=2 (full 0):
 PSYoungGen      total 140800K, used 10730K [0x000000076b580000, 0x0000000774980000, 0x00000007c0000000)
  eden space 130048K, 0% used [0x000000076b580000,0x000000076b580000,0x0000000773480000)
  from space 10752K, 99% used [0x0000000773f00000,0x000000077497a918,0x0000000774980000)
  to   space 10752K, 0% used [0x0000000773480000,0x0000000773480000,0x0000000773f00000)
 ParOldGen       total 173568K, used 2210K [0x00000006c2000000, 0x00000006cc980000, 0x000000076b580000)
  object space 173568K, 1% used [0x00000006c2000000,0x00000006c22289a0,0x00000006cc980000)
 Metaspace       used 15500K, capacity 15758K, committed 16128K, reserved 1062912K
  class space    used 1864K, capacity 1948K, committed 2048K, reserved 1048576K
}
Event: 27.638 GC heap before
{Heap before GC invocations=3 (full 0):
 PSYoungGen      total 140800K, used 140778K [0x000000076b580000, 0x0000000774980000, 0x00000007c0000000)
  eden space 130048K, 100% used [0x000000076b580000,0x0000000773480000,0x0000000773480000)
  from space 10752K, 99% used [0x0000000773f00000,0x000000077497a918,0x0000000774980000)
  to   space 10752K, 0% used [0x0000000773480000,0x0000000773480000,0x0000000773f00000)
 ParOldGen       total 173568K, used 2210K [0x00000006c2000000, 0x00000006cc980000, 0x000000076b580000)
  object space 173568K, 1% used [0x00000006c2000000,0x00000006c22289a0,0x00000006cc980000)
 Metaspace       used 17328K, capacity 17736K, committed 17792K, reserved 1064960K
  class space    used 2027K, capacity 2157K, committed 2176K, reserved 1048576K
Event: 27.741 GC heap after
Heap after GC invocations=3 (full 0):
 PSYoungGen      total 140800K, used 10744K [0x000000076b580000, 0x000000077c880000, 0x00000007c0000000)
  eden space 130048K, 0% used [0x000000076b580000,0x000000076b580000,0x0000000773480000)
  from space 10752K, 99% used [0x0000000773480000,0x0000000773efe030,0x0000000773f00000)
  to   space 10752K, 0% used [0x000000077be00000,0x000000077be00000,0x000000077c880000)
 ParOldGen       total 173568K, used 16198K [0x00000006c2000000, 0x00000006cc980000, 0x000000076b580000)
  object space 173568K, 9% used [0x00000006c2000000,0x00000006c2fd1bd0,0x00000006cc980000)
 Metaspace       used 17328K, capacity 17736K, committed 17792K, reserved 1064960K
  class space    used 2027K, capacity 2157K, committed 2176K, reserved 1048576K
}

Deoptimization events (10 events):
Event: 30.492 Thread 0x000001960c958800 Uncommon trap: reason=unstable_if action=reinterpret pc=0x000001960eff14a8 method=java.util.regex.Pattern$Curly.match(Ljava/util/regex/Matcher;ILjava/lang/CharSequence;)Z @ 45
Event: 30.492 Thread 0x000001960c958800 Uncommon trap: reason=class_check action=maybe_recompile pc=0x000001960f01ab34 method=org.codehaus.plexus.interpolation.MapBasedValueSource.getValue(Ljava/lang/String;)Ljava/lang/Object; @ 16
Event: 30.492 Thread 0x000001960c958800 Uncommon trap: reason=class_check action=maybe_recompile pc=0x000001960f01ab34 method=org.codehaus.plexus.interpolation.MapBasedValueSource.getValue(Ljava/lang/String;)Ljava/lang/Object; @ 16
Event: 30.492 Thread 0x000001960c958800 Uncommon trap: reason=class_check action=maybe_recompile pc=0x000001960f01ab34 method=org.codehaus.plexus.interpolation.MapBasedValueSource.getValue(Ljava/lang/String;)Ljava/lang/Object; @ 16
Event: 30.493 Thread 0x000001960c958800 Uncommon trap: reason=class_check action=maybe_recompile pc=0x000001960f035020 method=org.apache.maven.model.interpolation.StringSearchModelInterpolator$InterpolateObjectAction$MapField.doInterpolate(Ljava/lang/Object;Lorg/apache/maven/model/interpolation
Event: 30.705 Thread 0x000001960c958800 Uncommon trap: reason=class_check action=maybe_recompile pc=0x000001960f01ab34 method=org.codehaus.plexus.interpolation.MapBasedValueSource.getValue(Ljava/lang/String;)Ljava/lang/Object; @ 16
Event: 30.849 Thread 0x000001960c958800 Uncommon trap: reason=predicate action=maybe_recompile pc=0x000001960f192428 method=java.nio.charset.CharsetDecoder.decode(Ljava/nio/ByteBuffer;Ljava/nio/CharBuffer;Z)Ljava/nio/charset/CoderResult; @ 54
Event: 30.850 Thread 0x000001960c958800 Uncommon trap: reason=predicate action=maybe_recompile pc=0x000001960f182668 method=java.nio.charset.CharsetDecoder.decode(Ljava/nio/ByteBuffer;Ljava/nio/CharBuffer;Z)Ljava/nio/charset/CoderResult; @ 54
Event: 30.851 Thread 0x000001960c958800 Uncommon trap: reason=predicate action=maybe_recompile pc=0x000001960f19d384 method=java.nio.charset.CharsetDecoder.decode(Ljava/nio/ByteBuffer;Ljava/nio/CharBuffer;Z)Ljava/nio/charset/CoderResult; @ 54
Event: 30.852 Thread 0x000001960c958800 Uncommon trap: reason=predicate action=maybe_recompile pc=0x000001960f179508 method=java.nio.charset.CharsetDecoder.decode(Ljava/nio/ByteBuffer;Ljava/nio/CharBuffer;Z)Ljava/nio/charset/CoderResult; @ 54

Classes redefined (0 events):
No events

Internal exceptions (10 events):
Event: 19.339 Thread 0x000001960c958800 Implicit null exception at 0x000001960f1db13b to 0x000001960f1dc129
Event: 20.375 Thread 0x000001960c958800 Implicit null exception at 0x000001960ebf5715 to 0x000001960ebf5919
Event: 20.375 Thread 0x000001960c958800 Implicit null exception at 0x000001960ebd932f to 0x000001960ebd9399
Event: 23.445 Thread 0x000001960c958800 Implicit null exception at 0x000001960f0d3a97 to 0x000001960f0d426d
Event: 23.502 Thread 0x000001960c958800 Exception <a 'java/lang/NullPointerException'> (0x000000077271ab10) thrown at [C:\wsjdk\Corretto8Src\installers\windows\zip\corretto-build\buildRoot\hotspot\src\share\vm\interpreter\linkResolver.cpp, line 1185]
Event: 23.502 Thread 0x000001960c958800 Exception <a 'java/lang/NullPointerException'> (0x000000077271af10) thrown at [C:\wsjdk\Corretto8Src\installers\windows\zip\corretto-build\buildRoot\hotspot\src\share\vm\interpreter\linkResolver.cpp, line 1185]
Event: 23.502 Thread 0x000001960c958800 Exception <a 'java/lang/NullPointerException'> (0x000000077271b310) thrown at [C:\wsjdk\Corretto8Src\installers\windows\zip\corretto-build\buildRoot\hotspot\src\share\vm\interpreter\linkResolver.cpp, line 1185]
Event: 23.502 Thread 0x000001960c958800 Exception <a 'java/lang/NullPointerException'> (0x000000077271c270) thrown at [C:\wsjdk\Corretto8Src\installers\windows\zip\corretto-build\buildRoot\hotspot\src\share\vm\interpreter\linkResolver.cpp, line 1185]
Event: 23.502 Thread 0x000001960c958800 Exception <a 'java/lang/NullPointerException'> (0x000000077271c670) thrown at [C:\wsjdk\Corretto8Src\installers\windows\zip\corretto-build\buildRoot\hotspot\src\share\vm\interpreter\linkResolver.cpp, line 1185]
Event: 23.502 Thread 0x000001960c958800 Exception <a 'java/lang/NullPointerException'> (0x000000077271ca70) thrown at [C:\wsjdk\Corretto8Src\installers\windows\zip\corretto-build\buildRoot\hotspot\src\share\vm\interpreter\linkResolver.cpp, line 1185]

Events (10 events):
Event: 30.849 Thread 0x000001960c958800 DEOPT UNPACKING pc=0x000001960e675583 sp=0x00000054d76fc7b0 mode 2
Event: 30.850 Thread 0x000001960c958800 Uncommon trap: trap_request=0xffffff86 fr.pc=0x000001960f182668
Event: 30.850 Thread 0x000001960c958800 DEOPT PACKING pc=0x000001960f182668 sp=0x00000054d76fc5c0
Event: 30.850 Thread 0x000001960c958800 DEOPT UNPACKING pc=0x000001960e675583 sp=0x00000054d76fc480 mode 2
Event: 30.851 Thread 0x000001960c958800 Uncommon trap: trap_request=0xffffff86 fr.pc=0x000001960f19d384
Event: 30.851 Thread 0x000001960c958800 DEOPT PACKING pc=0x000001960f19d384 sp=0x00000054d76fc540
Event: 30.851 Thread 0x000001960c958800 DEOPT UNPACKING pc=0x000001960e675583 sp=0x00000054d76fc470 mode 2
Event: 30.851 Thread 0x000001960c958800 Uncommon trap: trap_request=0xffffff86 fr.pc=0x000001960f179508
Event: 30.852 Thread 0x000001960c958800 DEOPT PACKING pc=0x000001960f179508 sp=0x00000054d76fc800
Event: 30.852 Thread 0x000001960c958800 DEOPT UNPACKING pc=0x000001960e675583 sp=0x00000054d76fc748 mode 2


Dynamic libraries:
0x00007ff7f7350000 - 0x00007ff7f738a000 	D:\Java_jdk\java_jdk_1.8\bin\java.exe
0x00007fffa84b0000 - 0x00007fffa86a8000 	C:\Windows\SYSTEM32\ntdll.dll
0x00007fffa6510000 - 0x00007fffa65cf000 	C:\Windows\System32\KERNEL32.DLL
0x00007fffa5c30000 - 0x00007fffa5f26000 	C:\Windows\System32\KERNELBASE.dll
0x00007fffa8270000 - 0x00007fffa831f000 	C:\Windows\System32\ADVAPI32.dll
0x00007fffa8190000 - 0x00007fffa822e000 	C:\Windows\System32\msvcrt.dll
0x00007fffa6f30000 - 0x00007fffa6fcc000 	C:\Windows\System32\sechost.dll
0x00007fffa7030000 - 0x00007fffa7156000 	C:\Windows\System32\RPCRT4.dll
0x00007fffa6b00000 - 0x00007fffa6c9d000 	C:\Windows\System32\USER32.dll
0x00007fffa64e0000 - 0x00007fffa6502000 	C:\Windows\System32\win32u.dll
0x00007fffa8440000 - 0x00007fffa846c000 	C:\Windows\System32\GDI32.dll
0x00007fffa62e0000 - 0x00007fffa63f5000 	C:\Windows\System32\gdi32full.dll
0x00007fffa5b90000 - 0x00007fffa5c2d000 	C:\Windows\System32\msvcp_win.dll
0x00007fffa6170000 - 0x00007fffa6270000 	C:\Windows\System32\ucrtbase.dll
0x00007fff90a70000 - 0x00007fff90d0a000 	C:\Windows\WinSxS\amd64_microsoft.windows.common-controls_6595b64144ccf1df_6.0.19041.1110_none_60b5254171f9507e\COMCTL32.dll
0x00007fffa69a0000 - 0x00007fffa69d0000 	C:\Windows\System32\IMM32.DLL
0x00007fff82790000 - 0x00007fff8287f000 	D:\Java_jdk\java_jdk_1.8\jre\bin\msvcr120.dll
0x00007fff84f00000 - 0x00007fff84fa6000 	D:\Java_jdk\java_jdk_1.8\jre\bin\msvcp120.dll
0x00000000515a0000 - 0x0000000051e16000 	D:\Java_jdk\java_jdk_1.8\jre\bin\server\jvm.dll
0x00007fffa8230000 - 0x00007fffa8238000 	C:\Windows\System32\PSAPI.DLL
0x00007fffa2d10000 - 0x00007fffa2d19000 	C:\Windows\SYSTEM32\WSOCK32.dll
0x00007fffa6d00000 - 0x00007fffa6d6b000 	C:\Windows\System32\WS2_32.dll
0x00007fff935c0000 - 0x00007fff935e7000 	C:\Windows\SYSTEM32\WINMM.dll
0x00007fff9f750000 - 0x00007fff9f75a000 	C:\Windows\SYSTEM32\VERSION.dll
0x00007fff8f070000 - 0x00007fff8f07f000 	D:\Java_jdk\java_jdk_1.8\jre\bin\verify.dll
0x00007fff84860000 - 0x00007fff84889000 	D:\Java_jdk\java_jdk_1.8\jre\bin\java.dll
0x00007fff886d0000 - 0x00007fff886e6000 	D:\Java_jdk\java_jdk_1.8\jre\bin\zip.dll
0x00007fffa7270000 - 0x00007fffa79b4000 	C:\Windows\System32\SHELL32.dll
0x00007fffa3b20000 - 0x00007fffa42b4000 	C:\Windows\SYSTEM32\windows.storage.dll
0x00007fffa79c0000 - 0x00007fffa7d14000 	C:\Windows\System32\combase.dll
0x00007fffa55d0000 - 0x00007fffa55fe000 	C:\Windows\SYSTEM32\Wldp.dll
0x00007fffa6a50000 - 0x00007fffa6afd000 	C:\Windows\System32\SHCORE.dll
0x00007fffa6ca0000 - 0x00007fffa6cf5000 	C:\Windows\System32\shlwapi.dll
0x00007fffa5ac0000 - 0x00007fffa5ae5000 	C:\Windows\SYSTEM32\profapi.dll
0x00007fffa5520000 - 0x00007fffa5538000 	C:\Windows\SYSTEM32\CRYPTSP.dll
0x00007fffa4be0000 - 0x00007fffa4c14000 	C:\Windows\system32\rsaenh.dll
0x00007fffa6140000 - 0x00007fffa6167000 	C:\Windows\System32\bcrypt.dll
0x00007fffa5a40000 - 0x00007fffa5a6e000 	C:\Windows\SYSTEM32\USERENV.dll
0x00007fffa6450000 - 0x00007fffa64d2000 	C:\Windows\System32\bcryptprimitives.dll
0x00007fffa5540000 - 0x00007fffa554c000 	C:\Windows\SYSTEM32\CRYPTBASE.dll
0x00007fff85c60000 - 0x00007fff85c7a000 	D:\Java_jdk\java_jdk_1.8\jre\bin\net.dll
0x00007fffa5330000 - 0x00007fffa539a000 	C:\Windows\system32\mswsock.dll
0x00007fffa4fd0000 - 0x00007fffa500c000 	C:\Windows\SYSTEM32\IPHLPAPI.DLL
0x00007fffa6d70000 - 0x00007fffa6d78000 	C:\Windows\System32\NSI.dll
0x00007fff9ecb0000 - 0x00007fff9ecc7000 	C:\Windows\SYSTEM32\dhcpcsvc6.DLL
0x00007fff9ed80000 - 0x00007fff9ed9d000 	C:\Windows\SYSTEM32\dhcpcsvc.DLL
0x00007fffa5010000 - 0x00007fffa50da000 	C:\Windows\SYSTEM32\DNSAPI.dll
0x00007fff854f0000 - 0x00007fff85502000 	D:\Java_jdk\java_jdk_1.8\jre\bin\nio.dll
0x00007fff846b0000 - 0x00007fff846ba000 	C:\Users\Lenovo\AppData\Local\Temp\jansi-1.17.1-6123799213015034489.dll
0x00007fff845b0000 - 0x00007fff845ba000 	C:\Users\Lenovo\AppData\Local\Temp\jansi-1.17.1-7464087742856612852.dll

VM Arguments:
jvm_args: -Dmaven.multiModuleProjectDirectory=D:\weiyunmall -Dmaven.home=D:\IDEA\apache-maven-3.6.1 -Dclassworlds.conf=D:\IDEA\apache-maven-3.6.1\bin\m2.conf -Dmaven.ext.class.path=D:\UltimateIDEA\IntelliJ IDEA 2022.2.4\plugins\maven\lib\maven-event-listener.jar -Dfile.encoding=UTF-8 
java_command: org.codehaus.classworlds.Launcher -Didea.version=2022.2.4 -s D:\IDEA\apache-maven-3.6.1\conf\settings.xml -Dmaven.repo.local=D:\IDEA\apache-maven-3.6.1\repository install --projects io.renren:renren-generator,com.taotao.weiyunmall:weiyunmall-coupon,io.renren:renren-fast,com.taotao.weiyunmall:weiyunmall-product,com.taotao:weiyunmall-gateway,com.taotao.weiyunmall:weiyunmall-ware,groupId:weiyunmall-common,com.taotao.weiyunmall:weiyunmall-member,groupId:weiyunmall,com.taotao.weiyunmall:weiyunmall-order,com.taotao.weiyunmall:weiyunmall-third-party,com.taotao.weiyunmall:weiyunmall-search -P jdk-1.8
java_class_path (initial): D:\IDEA\apache-maven-3.6.1\boot\plexus-classworlds-2.6.0.jar
Launcher Type: SUN_STANDARD

Environment Variables:
PATH=D:\Java_jdk\jdk_18\bin;C:\Program Files\Common Files\Oracle\Java\javapath;D:\QT\5.12.1\mingw73_64\bin.;C:\Windows\system32;C:\Windows;C:\Windows\System32\Wbem;C:\Windows\System32\WindowsPowerShell\v1.0\;C:\Windows\System32\OpenSSH\;D:\git hub\Git\cmd;D:\software\Anaconda3;D:\software\Anaconda3\Scripts;D:\MatLab\runtime\win64;D:\MatLab\bin;D:\MatLab\polyspace\bin;D:\mysql-5.7.24-winx64\bin;D:\IDEA\apache-maven-3.6.1\bin;D:\Win_Flex\win_flex_bison-latest;D:\Go\bin;D:\Node\node-v10.24.1-win-x64\node_modules\@vue\cli-init\node_modules\.bin;D:\Node\node-v10.24.1-win-x64;D:\Python解释器\Scripts\;D:\Python解释器\;C:\Users\Lenovo\AppData\Local\Microsoft\WindowsApps;C:\Program Files\Bandizip\;D:\pycharm\PyCharm Community Edition 2021.2.3\bin;;D:\QQ游戏大厅\QQGameTempest\Hall.57915\;C:\Users\Lenovo\go\bin;D:\VSCode\Microsoft VS Code\bin;C:\Users\Lenovo\AppData\Roaming\npm;D:\Node\node-v10.24.1-win-x64\node_modules\@vue\cli-init\node_modules\.bin;
USERNAME=Lenovo
OS=Windows_NT
PROCESSOR_IDENTIFIER=Intel64 Family 6 Model 165 Stepping 2, GenuineIntel



---------------  S Y S T E M  ---------------

OS: Windows 10 , 64 bit Build 19041 (10.0.19041.3155)

CPU:total 16 (initial active 16) (8 cores per cpu, 2 threads per core) family 6 model 165 stepping 2, cmov, cx8, fxsr, mmx, sse, sse2, sse3, ssse3, sse4.1, sse4.2, popcnt, avx, avx2, aes, clmul, erms, 3dnowpref, lzcnt, ht, tsc, tscinvbit, bmi1, bmi2, adx

Memory: 4k page, physical 16640816k(370708k free), swap 36251200k(3068k free)

vm_info: OpenJDK 64-Bit Server VM (25.352-b08) for windows-amd64 JRE (1.8.0_352-b08), built on Oct 14 2022 21:22:09 by "Administrator" with MS VC++ 12.0 (VS2013)

time: Fri Jul 28 19:40:07 2023
timezone: 中国标准时间
elapsed time: 31.252507 seconds (0d 0h 0m 31s)

