#
# There is insufficient memory for the Java Runtime Environment to continue.
# Native memory allocation (malloc) failed to allocate 923136 bytes for Chunk::new
# Possible reasons:
#   The system is out of physical RAM or swap space
#   The process is running with CompressedOops enabled, and the Java Heap may be blocking the growth of the native heap
# Possible solutions:
#   Reduce memory load on the system
#   Increase physical memory or swap space
#   Check if swap backing store is full
#   Decrease Java heap size (-Xmx/-Xms)
#   Decrease number of Java threads
#   Decrease Java thread stack sizes (-Xss)
#   Set larger code cache with -XX:ReservedCodeCacheSize=
#   JVM is running with Zero Based Compressed Oops mode in which the Java heap is
#     placed in the first 32GB address space. The Java Heap base address is the
#     maximum limit for the native heap growth. Please use -XX:HeapBaseMinAddress
#     to set the Java Heap base and to place the Java Heap above 32GB virtual address.
# This output file may be truncated or incomplete.
#
#  Out of Memory Error (allocation.cpp:389), pid=21976, tid=0x000000000000593c
#
# JRE version: OpenJDK Runtime Environment (8.0_352-b08) (build 1.8.0_352-b08)
# Java VM: OpenJDK 64-Bit Server VM (25.352-b08 mixed mode windows-amd64 compressed oops)
# Failed to write core dump. Minidumps are not enabled by default on client versions of Windows
#

---------------  T H R E A D  ---------------

Current thread (0x000002514c264800):  JavaThread "C2 CompilerThread2" daemon [_thread_in_native, id=22844, stack(0x0000006ee3200000,0x0000006ee3300000)]

Stack: [0x0000006ee3200000,0x0000006ee3300000]
[error occurred during error reporting (printing stack bounds), id 0xc0000005]

Native frames: (J=compiled Java code, j=interpreted, Vv=VM code, C=native code)


Current CompileTask:
C2:  23438 3763       4       org.apache.maven.model.inheritance.DefaultInheritanceAssembler$InheritanceModelMerger::mergePlugin (71 bytes)


---------------  P R O C E S S  ---------------

Java Threads: ( => current thread )
  0x000002514c27b800 JavaThread "Service Thread" daemon [_thread_blocked, id=22884, stack(0x0000006ee3c00000,0x0000006ee3d00000)]
  0x000002514c277800 JavaThread "C1 CompilerThread11" daemon [_thread_blocked, id=22880, stack(0x0000006ee3b00000,0x0000006ee3c00000)]
  0x000002514c276800 JavaThread "C1 CompilerThread10" daemon [_thread_blocked, id=22876, stack(0x0000006ee3a00000,0x0000006ee3b00000)]
  0x000002514c273000 JavaThread "C1 CompilerThread9" daemon [_thread_blocked, id=22872, stack(0x0000006ee3900000,0x0000006ee3a00000)]
  0x000002514c272000 JavaThread "C1 CompilerThread8" daemon [_thread_blocked, id=22868, stack(0x0000006ee3800000,0x0000006ee3900000)]
  0x000002514c271800 JavaThread "C2 CompilerThread7" daemon [_thread_blocked, id=22864, stack(0x0000006ee3700000,0x0000006ee3800000)]
  0x000002514c26f800 JavaThread "C2 CompilerThread6" daemon [_thread_blocked, id=22860, stack(0x0000006ee3600000,0x0000006ee3700000)]
  0x000002514c26f000 JavaThread "C2 CompilerThread5" daemon [_thread_blocked, id=22856, stack(0x0000006ee3500000,0x0000006ee3600000)]
  0x000002514c268000 JavaThread "C2 CompilerThread4" daemon [_thread_blocked, id=22852, stack(0x0000006ee3400000,0x0000006ee3500000)]
  0x000002514c267800 JavaThread "C2 CompilerThread3" daemon [_thread_in_native, id=22848, stack(0x0000006ee3300000,0x0000006ee3400000)]
=>0x000002514c264800 JavaThread "C2 CompilerThread2" daemon [_thread_in_native, id=22844, stack(0x0000006ee3200000,0x0000006ee3300000)]
  0x000002514c263800 JavaThread "C2 CompilerThread1" daemon [_thread_blocked, id=22840, stack(0x0000006ee3100000,0x0000006ee3200000)]
  0x000002514c24c800 JavaThread "C2 CompilerThread0" daemon [_thread_blocked, id=22836, stack(0x0000006ee3000000,0x0000006ee3100000)]
  0x000002514c25e000 JavaThread "Attach Listener" daemon [_thread_blocked, id=22832, stack(0x0000006ee2f00000,0x0000006ee3000000)]
  0x000002514c25d000 JavaThread "Signal Dispatcher" daemon [_thread_blocked, id=22828, stack(0x0000006ee2e00000,0x0000006ee2f00000)]
  0x0000025149497000 JavaThread "Finalizer" daemon [_thread_blocked, id=22308, stack(0x0000006ee2d00000,0x0000006ee2e00000)]
  0x0000025149494800 JavaThread "Reference Handler" daemon [_thread_blocked, id=22304, stack(0x0000006ee2c00000,0x0000006ee2d00000)]
  0x000002512e518000 JavaThread "main" [_thread_in_native, id=22148, stack(0x0000006ee1c00000,0x0000006ee1d00000)]

Other Threads:
  0x0000025149467000 VMThread [stack: 0x0000006ee2b00000,0x0000006ee2c00000] [id=22208]
  0x000002514c27c800 WatcherThread [stack: 0x0000006ee3d00000,0x0000006ee3e00000] [id=22888]

VM state:not at safepoint (normal execution)

VM Mutex/Monitor currently owned by a thread: None

heap address: 0x00000006c2000000, size: 4064 MB, Compressed Oops mode: Zero based, Oop shift amount: 3
Narrow klass base: 0x0000000000000000, Narrow klass shift: 3
Compressed class space size: 1073741824 Address: 0x00000007c0000000

Heap:
 PSYoungGen      total 140800K, used 103796K [0x000000076b580000, 0x0000000774980000, 0x00000007c0000000)
  eden space 130048K, 71% used [0x000000076b580000,0x000000077105f2e0,0x0000000773480000)
  from space 10752K, 99% used [0x0000000773480000,0x0000000773efe030,0x0000000773f00000)
  to   space 10752K, 0% used [0x0000000773f00000,0x0000000773f00000,0x0000000774980000)
 ParOldGen       total 173568K, used 16079K [0x00000006c2000000, 0x00000006cc980000, 0x000000076b580000)
  object space 173568K, 9% used [0x00000006c2000000,0x00000006c2fb3c60,0x00000006cc980000)
 Metaspace       used 17677K, capacity 18168K, committed 18304K, reserved 1064960K
  class space    used 2033K, capacity 2165K, committed 2176K, reserved 1048576K

Card table byte_map: [0x000002513f510000,0x000002513fd10000] byte_map_base: 0x000002513bf00000

Marking Bits: (ParMarkBitMap*) 0x0000000051d97820
 Begin Bits: [0x0000025140260000, 0x00000251441e0000)
 End Bits:   [0x00000251441e0000, 0x0000025148160000)

Polling page: 0x000002512e4b0000

CodeCache: size=245760Kb used=13523Kb max_used=13814Kb free=232236Kb
 bounds [0x0000025130150000, 0x0000025130f00000, 0x000002513f150000]
 total_blobs=3729 nmethods=3353 adapters=284
 compilation: enabled

Compilation events (10 events):
Event: 23.408 Thread 0x000002514c276800 nmethod 3790 0x00000251304d1810 code [0x00000251304d1960, 0x00000251304d1b38]
Event: 23.408 Thread 0x000002514c276800 3794       3       org.eclipse.aether.resolution.VersionRangeResult::addVersion (36 bytes)
Event: 23.408 Thread 0x000002514c272000 3793       3       org.eclipse.aether.resolution.VersionRangeResult::setVersionConstraint (7 bytes)
Event: 23.408 Thread 0x000002514c272000 nmethod 3793 0x00000251304d14d0 code [0x00000251304d1620, 0x00000251304d1798]
Event: 23.408 Thread 0x000002514c273000 nmethod 3792 0x00000251304d0c50 code [0x00000251304d0e00, 0x00000251304d12b0]
Event: 23.408 Thread 0x000002514c276800 nmethod 3794 0x00000251309b7b90 code [0x00000251309b7d40, 0x00000251309b82a0]
Event: 23.426 Thread 0x000002514c277800 3795       1       org.apache.maven.model.building.ModelCacheTag$1::getType (3 bytes)
Event: 23.427 Thread 0x000002514c277800 nmethod 3795 0x0000025130498490 code [0x00000251304985e0, 0x00000251304986f8]
Event: 23.432 Thread 0x000002514c272000 3796       3       org.apache.maven.repository.internal.ArtifactDescriptorReaderDelegate::populateResult (426 bytes)
Event: 23.436 Thread 0x000002514c272000 nmethod 3796 0x0000025130a921d0 code [0x0000025130a928c0, 0x0000025130a97610]

GC Heap History (6 events):
Event: 7.307 GC heap before
{Heap before GC invocations=1 (full 0):
 PSYoungGen      total 75776K, used 65024K [0x000000076b580000, 0x0000000770a00000, 0x00000007c0000000)
  eden space 65024K, 100% used [0x000000076b580000,0x000000076f500000,0x000000076f500000)
  from space 10752K, 0% used [0x000000076ff80000,0x000000076ff80000,0x0000000770a00000)
  to   space 10752K, 0% used [0x000000076f500000,0x000000076f500000,0x000000076ff80000)
 ParOldGen       total 173568K, used 0K [0x00000006c2000000, 0x00000006cc980000, 0x000000076b580000)
  object space 173568K, 0% used [0x00000006c2000000,0x00000006c2000000,0x00000006cc980000)
 Metaspace       used 11858K, capacity 12084K, committed 12288K, reserved 1060864K
  class space    used 1437K, capacity 1513K, committed 1536K, reserved 1048576K
Event: 7.461 GC heap after
Heap after GC invocations=1 (full 0):
 PSYoungGen      total 75776K, used 9844K [0x000000076b580000, 0x0000000774980000, 0x00000007c0000000)
  eden space 65024K, 0% used [0x000000076b580000,0x000000076b580000,0x000000076f500000)
  from space 10752K, 91% used [0x000000076f500000,0x000000076fe9d108,0x000000076ff80000)
  to   space 10752K, 0% used [0x0000000773f00000,0x0000000773f00000,0x0000000774980000)
 ParOldGen       total 173568K, used 16K [0x00000006c2000000, 0x00000006cc980000, 0x000000076b580000)
  object space 173568K, 0% used [0x00000006c2000000,0x00000006c2004000,0x00000006cc980000)
 Metaspace       used 11858K, capacity 12084K, committed 12288K, reserved 1060864K
  class space    used 1437K, capacity 1513K, committed 1536K, reserved 1048576K
}
Event: 15.514 GC heap before
{Heap before GC invocations=2 (full 0):
 PSYoungGen      total 75776K, used 74868K [0x000000076b580000, 0x0000000774980000, 0x00000007c0000000)
  eden space 65024K, 100% used [0x000000076b580000,0x000000076f500000,0x000000076f500000)
  from space 10752K, 91% used [0x000000076f500000,0x000000076fe9d108,0x000000076ff80000)
  to   space 10752K, 0% used [0x0000000773f00000,0x0000000773f00000,0x0000000774980000)
 ParOldGen       total 173568K, used 16K [0x00000006c2000000, 0x00000006cc980000, 0x000000076b580000)
  object space 173568K, 0% used [0x00000006c2000000,0x00000006c2004000,0x00000006cc980000)
 Metaspace       used 15513K, capacity 15758K, committed 16128K, reserved 1062912K
  class space    used 1864K, capacity 1948K, committed 2048K, reserved 1048576K
Event: 16.350 GC heap after
Heap after GC invocations=2 (full 0):
 PSYoungGen      total 140800K, used 10746K [0x000000076b580000, 0x0000000774980000, 0x00000007c0000000)
  eden space 130048K, 0% used [0x000000076b580000,0x000000076b580000,0x0000000773480000)
  from space 10752K, 99% used [0x0000000773f00000,0x000000077497e928,0x0000000774980000)
  to   space 10752K, 0% used [0x0000000773480000,0x0000000773480000,0x0000000773f00000)
 ParOldGen       total 173568K, used 2207K [0x00000006c2000000, 0x00000006cc980000, 0x000000076b580000)
  object space 173568K, 1% used [0x00000006c2000000,0x00000006c2227d20,0x00000006cc980000)
 Metaspace       used 15513K, capacity 15758K, committed 16128K, reserved 1062912K
  class space    used 1864K, capacity 1948K, committed 2048K, reserved 1048576K
}
Event: 20.740 GC heap before
{Heap before GC invocations=3 (full 0):
 PSYoungGen      total 140800K, used 140794K [0x000000076b580000, 0x0000000774980000, 0x00000007c0000000)
  eden space 130048K, 100% used [0x000000076b580000,0x0000000773480000,0x0000000773480000)
  from space 10752K, 99% used [0x0000000773f00000,0x000000077497e928,0x0000000774980000)
  to   space 10752K, 0% used [0x0000000773480000,0x0000000773480000,0x0000000773f00000)
 ParOldGen       total 173568K, used 2207K [0x00000006c2000000, 0x00000006cc980000, 0x000000076b580000)
  object space 173568K, 1% used [0x00000006c2000000,0x00000006c2227d20,0x00000006cc980000)
 Metaspace       used 17339K, capacity 17800K, committed 18048K, reserved 1064960K
  class space    used 2028K, capacity 2157K, committed 2176K, reserved 1048576K
Event: 20.911 GC heap after
Heap after GC invocations=3 (full 0):
 PSYoungGen      total 140800K, used 10744K [0x000000076b580000, 0x0000000774980000, 0x00000007c0000000)
  eden space 130048K, 0% used [0x000000076b580000,0x000000076b580000,0x0000000773480000)
  from space 10752K, 99% used [0x0000000773480000,0x0000000773efe030,0x0000000773f00000)
  to   space 10752K, 0% used [0x0000000773f00000,0x0000000773f00000,0x0000000774980000)
 ParOldGen       total 173568K, used 16079K [0x00000006c2000000, 0x00000006cc980000, 0x000000076b580000)
  object space 173568K, 9% used [0x00000006c2000000,0x00000006c2fb3c60,0x00000006cc980000)
 Metaspace       used 17339K, capacity 17800K, committed 18048K, reserved 1064960K
  class space    used 2028K, capacity 2157K, committed 2176K, reserved 1048576K
}

Deoptimization events (10 events):
Event: 21.820 Thread 0x000002512e518000 Uncommon trap: reason=unstable_if action=reinterpret pc=0x0000025130b357c0 method=java.util.regex.Pattern$Curly.match(Ljava/util/regex/Matcher;ILjava/lang/CharSequence;)Z @ 45
Event: 21.820 Thread 0x000002512e518000 Uncommon trap: reason=class_check action=maybe_recompile pc=0x0000025130b60904 method=org.codehaus.plexus.interpolation.MapBasedValueSource.getValue(Ljava/lang/String;)Ljava/lang/Object; @ 16
Event: 21.820 Thread 0x000002512e518000 Uncommon trap: reason=class_check action=maybe_recompile pc=0x0000025130b60904 method=org.codehaus.plexus.interpolation.MapBasedValueSource.getValue(Ljava/lang/String;)Ljava/lang/Object; @ 16
Event: 21.820 Thread 0x000002512e518000 Uncommon trap: reason=class_check action=maybe_recompile pc=0x0000025130b60904 method=org.codehaus.plexus.interpolation.MapBasedValueSource.getValue(Ljava/lang/String;)Ljava/lang/Object; @ 16
Event: 21.821 Thread 0x000002512e518000 Uncommon trap: reason=class_check action=maybe_recompile pc=0x0000025130b6dd50 method=org.apache.maven.model.interpolation.StringSearchModelInterpolator$InterpolateObjectAction$MapField.doInterpolate(Ljava/lang/Object;Lorg/apache/maven/model/interpolation
Event: 21.869 Thread 0x000002512e518000 Uncommon trap: reason=class_check action=maybe_recompile pc=0x0000025130b60904 method=org.codehaus.plexus.interpolation.MapBasedValueSource.getValue(Ljava/lang/String;)Ljava/lang/Object; @ 16
Event: 21.884 Thread 0x000002512e518000 Uncommon trap: reason=predicate action=maybe_recompile pc=0x0000025130a61834 method=java.nio.charset.CharsetDecoder.decode(Ljava/nio/ByteBuffer;Ljava/nio/CharBuffer;Z)Ljava/nio/charset/CoderResult; @ 54
Event: 21.884 Thread 0x000002512e518000 Uncommon trap: reason=predicate action=maybe_recompile pc=0x00000251305db610 method=java.nio.charset.CharsetDecoder.decode(Ljava/nio/ByteBuffer;Ljava/nio/CharBuffer;Z)Ljava/nio/charset/CoderResult; @ 54
Event: 21.885 Thread 0x000002512e518000 Uncommon trap: reason=predicate action=maybe_recompile pc=0x0000025130a221bc method=java.nio.charset.CharsetDecoder.decode(Ljava/nio/ByteBuffer;Ljava/nio/CharBuffer;Z)Ljava/nio/charset/CoderResult; @ 54
Event: 22.041 Thread 0x000002512e518000 Uncommon trap: reason=unstable_if action=reinterpret pc=0x0000025130db75bc method=org.apache.maven.model.io.xpp3.MavenXpp3Reader.nextTag(Lorg/codehaus/plexus/util/xml/pull/XmlPullParser;)I @ 9

Classes redefined (0 events):
No events

Internal exceptions (10 events):
Event: 18.936 Thread 0x000002512e518000 Implicit null exception at 0x0000025130d68cfb to 0x0000025130d69ce9
Event: 19.158 Thread 0x000002512e518000 Implicit null exception at 0x000002513071d8d5 to 0x000002513071dad9
Event: 19.158 Thread 0x000002512e518000 Implicit null exception at 0x000002513080e26f to 0x000002513080e2d9
Event: 20.302 Thread 0x000002512e518000 Implicit null exception at 0x0000025130bf8617 to 0x0000025130bf8df5
Event: 20.352 Thread 0x000002512e518000 Exception <a 'java/lang/NullPointerException'> (0x000000077272f3e8) thrown at [C:\wsjdk\Corretto8Src\installers\windows\zip\corretto-build\buildRoot\hotspot\src\share\vm\interpreter\linkResolver.cpp, line 1185]
Event: 20.352 Thread 0x000002512e518000 Exception <a 'java/lang/NullPointerException'> (0x000000077272f7e8) thrown at [C:\wsjdk\Corretto8Src\installers\windows\zip\corretto-build\buildRoot\hotspot\src\share\vm\interpreter\linkResolver.cpp, line 1185]
Event: 20.352 Thread 0x000002512e518000 Exception <a 'java/lang/NullPointerException'> (0x000000077272fbe8) thrown at [C:\wsjdk\Corretto8Src\installers\windows\zip\corretto-build\buildRoot\hotspot\src\share\vm\interpreter\linkResolver.cpp, line 1185]
Event: 20.352 Thread 0x000002512e518000 Exception <a 'java/lang/NullPointerException'> (0x0000000772730b48) thrown at [C:\wsjdk\Corretto8Src\installers\windows\zip\corretto-build\buildRoot\hotspot\src\share\vm\interpreter\linkResolver.cpp, line 1185]
Event: 20.352 Thread 0x000002512e518000 Exception <a 'java/lang/NullPointerException'> (0x0000000772730f48) thrown at [C:\wsjdk\Corretto8Src\installers\windows\zip\corretto-build\buildRoot\hotspot\src\share\vm\interpreter\linkResolver.cpp, line 1185]
Event: 20.352 Thread 0x000002512e518000 Exception <a 'java/lang/NullPointerException'> (0x0000000772731348) thrown at [C:\wsjdk\Corretto8Src\installers\windows\zip\corretto-build\buildRoot\hotspot\src\share\vm\interpreter\linkResolver.cpp, line 1185]

Events (10 events):
Event: 23.287 Thread 0x000002512e518000 DEOPT PACKING pc=0x0000025130a07e8c sp=0x0000006ee1cfb850
Event: 23.287 Thread 0x000002512e518000 DEOPT UNPACKING pc=0x00000251301975d8 sp=0x0000006ee1cfb668 mode 0
Event: 23.287 Thread 0x000002512e518000 DEOPT PACKING pc=0x0000025130a07e8c sp=0x0000006ee1cfb5e0
Event: 23.287 Thread 0x000002512e518000 DEOPT UNPACKING pc=0x00000251301975d8 sp=0x0000006ee1cfb3f8 mode 0
Event: 23.288 Thread 0x000002512e518000 DEOPT PACKING pc=0x0000025130a07e8c sp=0x0000006ee1cfb7c0
Event: 23.288 Thread 0x000002512e518000 DEOPT UNPACKING pc=0x00000251301975d8 sp=0x0000006ee1cfb5d8 mode 0
Event: 23.288 Thread 0x000002512e518000 DEOPT PACKING pc=0x0000025130a07e8c sp=0x0000006ee1cfb6a0
Event: 23.288 Thread 0x000002512e518000 DEOPT UNPACKING pc=0x00000251301975d8 sp=0x0000006ee1cfb4b8 mode 0
Event: 23.288 Thread 0x000002512e518000 DEOPT PACKING pc=0x0000025130a07e8c sp=0x0000006ee1cfb840
Event: 23.288 Thread 0x000002512e518000 DEOPT UNPACKING pc=0x00000251301975d8 sp=0x0000006ee1cfb658 mode 0


Dynamic libraries:
0x00007ff7f7350000 - 0x00007ff7f738a000 	D:\Java_jdk\java_jdk_1.8\bin\java.exe
0x00007fffa84b0000 - 0x00007fffa86a8000 	C:\Windows\SYSTEM32\ntdll.dll
0x00007fffa6510000 - 0x00007fffa65cf000 	C:\Windows\System32\KERNEL32.DLL
0x00007fffa5c30000 - 0x00007fffa5f26000 	C:\Windows\System32\KERNELBASE.dll
0x00007fffa8270000 - 0x00007fffa831f000 	C:\Windows\System32\ADVAPI32.dll
0x00007fffa8190000 - 0x00007fffa822e000 	C:\Windows\System32\msvcrt.dll
0x00007fffa6f30000 - 0x00007fffa6fcc000 	C:\Windows\System32\sechost.dll
0x00007fffa7030000 - 0x00007fffa7156000 	C:\Windows\System32\RPCRT4.dll
0x00007fffa6b00000 - 0x00007fffa6c9d000 	C:\Windows\System32\USER32.dll
0x00007fffa64e0000 - 0x00007fffa6502000 	C:\Windows\System32\win32u.dll
0x00007fffa8440000 - 0x00007fffa846c000 	C:\Windows\System32\GDI32.dll
0x00007fffa62e0000 - 0x00007fffa63f5000 	C:\Windows\System32\gdi32full.dll
0x00007fffa5b90000 - 0x00007fffa5c2d000 	C:\Windows\System32\msvcp_win.dll
0x00007fffa6170000 - 0x00007fffa6270000 	C:\Windows\System32\ucrtbase.dll
0x00007fff90a70000 - 0x00007fff90d0a000 	C:\Windows\WinSxS\amd64_microsoft.windows.common-controls_6595b64144ccf1df_6.0.19041.1110_none_60b5254171f9507e\COMCTL32.dll
0x00007fffa69a0000 - 0x00007fffa69d0000 	C:\Windows\System32\IMM32.DLL
0x00007fff82790000 - 0x00007fff8287f000 	D:\Java_jdk\java_jdk_1.8\jre\bin\msvcr120.dll
0x00007fff84f00000 - 0x00007fff84fa6000 	D:\Java_jdk\java_jdk_1.8\jre\bin\msvcp120.dll
0x00000000515a0000 - 0x0000000051e16000 	D:\Java_jdk\java_jdk_1.8\jre\bin\server\jvm.dll
0x00007fffa8230000 - 0x00007fffa8238000 	C:\Windows\System32\PSAPI.DLL
0x00007fffa2d10000 - 0x00007fffa2d19000 	C:\Windows\SYSTEM32\WSOCK32.dll
0x00007fffa6d00000 - 0x00007fffa6d6b000 	C:\Windows\System32\WS2_32.dll
0x00007fff935c0000 - 0x00007fff935e7000 	C:\Windows\SYSTEM32\WINMM.dll
0x00007fff9f750000 - 0x00007fff9f75a000 	C:\Windows\SYSTEM32\VERSION.dll
0x00007fff8f070000 - 0x00007fff8f07f000 	D:\Java_jdk\java_jdk_1.8\jre\bin\verify.dll
0x00007fff84860000 - 0x00007fff84889000 	D:\Java_jdk\java_jdk_1.8\jre\bin\java.dll
0x00007fff886d0000 - 0x00007fff886e6000 	D:\Java_jdk\java_jdk_1.8\jre\bin\zip.dll
0x00007fffa7270000 - 0x00007fffa79b4000 	C:\Windows\System32\SHELL32.dll
0x00007fffa3b20000 - 0x00007fffa42b4000 	C:\Windows\SYSTEM32\windows.storage.dll
0x00007fffa79c0000 - 0x00007fffa7d14000 	C:\Windows\System32\combase.dll
0x00007fffa55d0000 - 0x00007fffa55fe000 	C:\Windows\SYSTEM32\Wldp.dll
0x00007fffa6a50000 - 0x00007fffa6afd000 	C:\Windows\System32\SHCORE.dll
0x00007fffa6ca0000 - 0x00007fffa6cf5000 	C:\Windows\System32\shlwapi.dll
0x00007fffa5ac0000 - 0x00007fffa5ae5000 	C:\Windows\SYSTEM32\profapi.dll
0x00007fffa5520000 - 0x00007fffa5538000 	C:\Windows\SYSTEM32\CRYPTSP.dll
0x00007fffa4be0000 - 0x00007fffa4c14000 	C:\Windows\system32\rsaenh.dll
0x00007fffa6140000 - 0x00007fffa6167000 	C:\Windows\System32\bcrypt.dll
0x00007fffa5a40000 - 0x00007fffa5a6e000 	C:\Windows\SYSTEM32\USERENV.dll
0x00007fffa6450000 - 0x00007fffa64d2000 	C:\Windows\System32\bcryptprimitives.dll
0x00007fffa5540000 - 0x00007fffa554c000 	C:\Windows\SYSTEM32\CRYPTBASE.dll
0x00007fff85c60000 - 0x00007fff85c7a000 	D:\Java_jdk\java_jdk_1.8\jre\bin\net.dll
0x00007fffa5330000 - 0x00007fffa539a000 	C:\Windows\system32\mswsock.dll
0x00007fffa4fd0000 - 0x00007fffa500c000 	C:\Windows\SYSTEM32\IPHLPAPI.DLL
0x00007fffa6d70000 - 0x00007fffa6d78000 	C:\Windows\System32\NSI.dll
0x00007fff9ecb0000 - 0x00007fff9ecc7000 	C:\Windows\SYSTEM32\dhcpcsvc6.DLL
0x00007fff9ed80000 - 0x00007fff9ed9d000 	C:\Windows\SYSTEM32\dhcpcsvc.DLL
0x00007fffa5010000 - 0x00007fffa50da000 	C:\Windows\SYSTEM32\DNSAPI.dll
0x00007fff854f0000 - 0x00007fff85502000 	D:\Java_jdk\java_jdk_1.8\jre\bin\nio.dll
0x00007fff8eae0000 - 0x00007fff8eaea000 	C:\Users\Lenovo\AppData\Local\Temp\jansi-1.17.1-2191029836759257679.dll
0x00007fff856d0000 - 0x00007fff856da000 	C:\Users\Lenovo\AppData\Local\Temp\jansi-1.17.1-1167360887462190827.dll

VM Arguments:
jvm_args: -Dmaven.multiModuleProjectDirectory=D:\weiyunmall -Dmaven.home=D:\IDEA\apache-maven-3.6.1 -Dclassworlds.conf=D:\IDEA\apache-maven-3.6.1\bin\m2.conf -Dmaven.ext.class.path=D:\UltimateIDEA\IntelliJ IDEA 2022.2.4\plugins\maven\lib\maven-event-listener.jar -Dfile.encoding=UTF-8 
java_command: org.codehaus.classworlds.Launcher -Didea.version=2022.2.4 -s D:\IDEA\apache-maven-3.6.1\conf\settings.xml -Dmaven.repo.local=D:\IDEA\apache-maven-3.6.1\repository install --projects io.renren:renren-generator,com.taotao.weiyunmall:weiyunmall-coupon,io.renren:renren-fast,com.taotao.weiyunmall:weiyunmall-product,com.taotao:weiyunmall-gateway,com.taotao.weiyunmall:weiyunmall-ware,groupId:weiyunmall-common,com.taotao.weiyunmall:weiyunmall-member,groupId:weiyunmall,com.taotao.weiyunmall:weiyunmall-order,com.taotao.weiyunmall:weiyunmall-third-party,com.taotao.weiyunmall:weiyunmall-search -P jdk-1.8
java_class_path (initial): D:\IDEA\apache-maven-3.6.1\boot\plexus-classworlds-2.6.0.jar
Launcher Type: SUN_STANDARD

Environment Variables:
PATH=D:\Java_jdk\jdk_18\bin;C:\Program Files\Common Files\Oracle\Java\javapath;D:\QT\5.12.1\mingw73_64\bin.;C:\Windows\system32;C:\Windows;C:\Windows\System32\Wbem;C:\Windows\System32\WindowsPowerShell\v1.0\;C:\Windows\System32\OpenSSH\;D:\git hub\Git\cmd;D:\software\Anaconda3;D:\software\Anaconda3\Scripts;D:\MatLab\runtime\win64;D:\MatLab\bin;D:\MatLab\polyspace\bin;D:\mysql-5.7.24-winx64\bin;D:\IDEA\apache-maven-3.6.1\bin;D:\Win_Flex\win_flex_bison-latest;D:\Go\bin;D:\Node\node-v10.24.1-win-x64\node_modules\@vue\cli-init\node_modules\.bin;D:\Node\node-v10.24.1-win-x64;D:\Python解释器\Scripts\;D:\Python解释器\;C:\Users\Lenovo\AppData\Local\Microsoft\WindowsApps;C:\Program Files\Bandizip\;D:\pycharm\PyCharm Community Edition 2021.2.3\bin;;D:\QQ游戏大厅\QQGameTempest\Hall.57915\;C:\Users\Lenovo\go\bin;D:\VSCode\Microsoft VS Code\bin;C:\Users\Lenovo\AppData\Roaming\npm;D:\Node\node-v10.24.1-win-x64\node_modules\@vue\cli-init\node_modules\.bin;
USERNAME=Lenovo
OS=Windows_NT
PROCESSOR_IDENTIFIER=Intel64 Family 6 Model 165 Stepping 2, GenuineIntel



---------------  S Y S T E M  ---------------

OS: Windows 10 , 64 bit Build 19041 (10.0.19041.3155)

CPU:total 16 (initial active 16) (8 cores per cpu, 2 threads per core) family 6 model 165 stepping 2, cmov, cx8, fxsr, mmx, sse, sse2, sse3, ssse3, sse4.1, sse4.2, popcnt, avx, avx2, aes, clmul, erms, 3dnowpref, lzcnt, ht, tsc, tscinvbit, bmi1, bmi2, adx

Memory: 4k page, physical 16640816k(370112k free), swap 36251200k(5132k free)

vm_info: OpenJDK 64-Bit Server VM (25.352-b08) for windows-amd64 JRE (1.8.0_352-b08), built on Oct 14 2022 21:22:09 by "Administrator" with MS VC++ 12.0 (VS2013)

time: Fri Jul 28 19:40:07 2023
timezone: 中国标准时间
elapsed time: 23.442312 seconds (0d 0h 0m 23s)

