#
# There is insufficient memory for the Java Runtime Environment to continue.
# Native memory allocation (malloc) failed to allocate 32744 bytes for ChunkPool::allocate
# Possible reasons:
#   The system is out of physical RAM or swap space
#   The process is running with CompressedOops enabled, and the Java Heap may be blocking the growth of the native heap
# Possible solutions:
#   Reduce memory load on the system
#   Increase physical memory or swap space
#   Check if swap backing store is full
#   Decrease Java heap size (-Xmx/-Xms)
#   Decrease number of Java threads
#   Decrease Java thread stack sizes (-Xss)
#   Set larger code cache with -XX:ReservedCodeCacheSize=
#   JVM is running with Zero Based Compressed Oops mode in which the Java heap is
#     placed in the first 32GB address space. The Java Heap base address is the
#     maximum limit for the native heap growth. Please use -XX:HeapBaseMinAddress
#     to set the Java Heap base and to place the Java Heap above 32GB virtual address.
# This output file may be truncated or incomplete.
#
#  Out of Memory Error (allocation.cpp:272), pid=22292, tid=0x0000000000005b2c
#
# JRE version: OpenJDK Runtime Environment (8.0_352-b08) (build 1.8.0_352-b08)
# Java VM: OpenJDK 64-Bit Server VM (25.352-b08 mixed mode windows-amd64 compressed oops)
# Failed to write core dump. Minidumps are not enabled by default on client versions of Windows
#

---------------  T H R E A D  ---------------

Current thread (0x000002160071b000):  JavaThread "C1 CompilerThread9" daemon [_thread_in_vm, id=23340, stack(0x000000b4a0400000,0x000000b4a0500000)]

Stack: [0x000000b4a0400000,0x000000b4a0500000]
[error occurred during error reporting (printing stack bounds), id 0xc0000005]

Native frames: (J=compiled Java code, j=interpreted, Vv=VM code, C=native code)


Current CompileTask:
C1:  21806 2612   !   3       org.apache.maven.model.DependencyManagement::clone (137 bytes)


---------------  P R O C E S S  ---------------

Java Threads: ( => current thread )
  0x000002160078a000 JavaThread "Service Thread" daemon [_thread_blocked, id=23352, stack(0x000000b4a0700000,0x000000b4a0800000)]
  0x0000021600716800 JavaThread "C1 CompilerThread11" daemon [_thread_blocked, id=23348, stack(0x000000b4a0600000,0x000000b4a0700000)]
  0x000002160071a800 JavaThread "C1 CompilerThread10" daemon [_thread_blocked, id=23344, stack(0x000000b4a0500000,0x000000b4a0600000)]
=>0x000002160071b000 JavaThread "C1 CompilerThread9" daemon [_thread_in_vm, id=23340, stack(0x000000b4a0400000,0x000000b4a0500000)]
  0x000002160071c800 JavaThread "C1 CompilerThread8" daemon [_thread_blocked, id=23336, stack(0x000000b4a0300000,0x000000b4a0400000)]
  0x000002160071c000 JavaThread "C2 CompilerThread7" daemon [_thread_in_native, id=23332, stack(0x000000b4a0200000,0x000000b4a0300000)]
  0x0000021600719800 JavaThread "C2 CompilerThread6" daemon [_thread_blocked, id=23328, stack(0x000000b4a0100000,0x000000b4a0200000)]
  0x000002160071d800 JavaThread "C2 CompilerThread5" daemon [_thread_blocked, id=23324, stack(0x000000b4a0000000,0x000000b4a0100000)]
  0x000002160070f800 JavaThread "C2 CompilerThread4" daemon [_thread_blocked, id=23320, stack(0x000000b49ff00000,0x000000b4a0000000)]
  0x000002160070e800 JavaThread "C2 CompilerThread3" daemon [_thread_blocked, id=23316, stack(0x000000b49fe00000,0x000000b49ff00000)]
  0x000002160070c000 JavaThread "C2 CompilerThread2" daemon [_thread_blocked, id=23312, stack(0x000000b49fd00000,0x000000b49fe00000)]
  0x000002160070a000 JavaThread "C2 CompilerThread1" daemon [_thread_in_vm, id=23308, stack(0x000000b49fc00000,0x000000b49fd00000)]
  0x0000021600706000 JavaThread "C2 CompilerThread0" daemon [_thread_in_native, id=23304, stack(0x000000b49fb00000,0x000000b49fc00000)]
  0x00000216006f1800 JavaThread "Attach Listener" daemon [_thread_blocked, id=23300, stack(0x000000b49fa00000,0x000000b49fb00000)]
  0x00000216006f0800 JavaThread "Signal Dispatcher" daemon [_thread_blocked, id=23296, stack(0x000000b49f900000,0x000000b49fa00000)]
  0x000002167d957800 JavaThread "Finalizer" daemon [_thread_blocked, id=23280, stack(0x000000b49f800000,0x000000b49f900000)]
  0x0000021600680800 JavaThread "Reference Handler" daemon [_thread_blocked, id=23276, stack(0x000000b49f700000,0x000000b49f800000)]
  0x00000216629b8000 JavaThread "main" [_thread_in_vm, id=8348, stack(0x000000b49e800000,0x000000b49e900000)]

Other Threads:
  0x000002167d939000 VMThread [stack: 0x000000b49f600000,0x000000b49f700000] [id=23008]
  0x000002160077b800 WatcherThread [stack: 0x000000b4a0800000,0x000000b4a0900000] [id=23356]

VM state:not at safepoint (normal execution)

VM Mutex/Monitor currently owned by a thread: None

heap address: 0x00000006c2000000, size: 4064 MB, Compressed Oops mode: Zero based, Oop shift amount: 3
Narrow klass base: 0x0000000000000000, Narrow klass shift: 3
Compressed class space size: 1073741824 Address: 0x00000007c0000000

Heap:
 PSYoungGen      total 140800K, used 15734K [0x000000076b580000, 0x0000000774980000, 0x00000007c0000000)
  eden space 130048K, 3% used [0x000000076b580000,0x000000076ba62fd0,0x0000000773480000)
  from space 10752K, 99% used [0x0000000773f00000,0x000000077497a8f8,0x0000000774980000)
  to   space 10752K, 0% used [0x0000000773480000,0x0000000773480000,0x0000000773f00000)
 ParOldGen       total 173568K, used 2166K [0x00000006c2000000, 0x00000006cc980000, 0x000000076b580000)
  object space 173568K, 1% used [0x00000006c2000000,0x00000006c221da70,0x00000006cc980000)
 Metaspace       used 15532K, capacity 15758K, committed 16128K, reserved 1062912K
  class space    used 1866K, capacity 1948K, committed 2048K, reserved 1048576K

Card table byte_map: [0x0000021673a30000,0x0000021674230000] byte_map_base: 0x0000021670420000

Marking Bits: (ParMarkBitMap*) 0x0000000051d97820
 Begin Bits: [0x0000021674780000, 0x0000021678700000)
 End Bits:   [0x0000021678700000, 0x000002167c680000)

Polling page: 0x0000021662950000

CodeCache: size=245760Kb used=10677Kb max_used=10689Kb free=235083Kb
 bounds [0x0000021664670000, 0x00000216650f0000, 0x0000021673670000]
 total_blobs=2975 nmethods=2609 adapters=275
 compilation: enabled

Compilation events (10 events):
Event: 21.800 Thread 0x000002160070a000 2606   !   4       java.util.regex.Pattern::matcher (44 bytes)
Event: 21.800 Thread 0x000002160070e800 2607       4       java.util.regex.Matcher::<init> (84 bytes)
Event: 21.800 Thread 0x000002160071d800 nmethod 2605 0x00000216650dead0 code [0x00000216650dec00, 0x00000216650decd8]
Event: 21.801 Thread 0x0000021600719800 2608       4       java.util.regex.Pattern$LastNode::match (45 bytes)
Event: 21.802 Thread 0x0000021600719800 nmethod 2608 0x00000216650d8c50 code [0x00000216650d8da0, 0x00000216650d8e78]
Event: 21.803 Thread 0x000002160070f800 2609       4       org.apache.maven.model.validation.DefaultModelValidator::validateStringNotEmpty (46 bytes)
Event: 21.804 Thread 0x000002160070f800 nmethod 2609 0x00000216650d8910 code [0x00000216650d8a40, 0x00000216650d8af8]
Event: 21.804 Thread 0x000002160071c000 2610       4       org.apache.maven.model.validation.DefaultModelValidator::validateId (79 bytes)
Event: 21.805 Thread 0x0000021600706000 2611   !   4       org.apache.maven.model.Dependency::clone (137 bytes)
Event: 21.805 Thread 0x000002160071b000 2612   !   3       org.apache.maven.model.DependencyManagement::clone (137 bytes)

GC Heap History (4 events):
Event: 14.100 GC heap before
{Heap before GC invocations=1 (full 0):
 PSYoungGen      total 75776K, used 65024K [0x000000076b580000, 0x0000000770a00000, 0x00000007c0000000)
  eden space 65024K, 100% used [0x000000076b580000,0x000000076f500000,0x000000076f500000)
  from space 10752K, 0% used [0x000000076ff80000,0x000000076ff80000,0x0000000770a00000)
  to   space 10752K, 0% used [0x000000076f500000,0x000000076f500000,0x000000076ff80000)
 ParOldGen       total 173568K, used 0K [0x00000006c2000000, 0x00000006cc980000, 0x000000076b580000)
  object space 173568K, 0% used [0x00000006c2000000,0x00000006c2000000,0x00000006cc980000)
 Metaspace       used 11821K, capacity 12020K, committed 12288K, reserved 1060864K
  class space    used 1432K, capacity 1513K, committed 1536K, reserved 1048576K
Event: 14.625 GC heap after
Heap after GC invocations=1 (full 0):
 PSYoungGen      total 75776K, used 9795K [0x000000076b580000, 0x0000000774980000, 0x00000007c0000000)
  eden space 65024K, 0% used [0x000000076b580000,0x000000076b580000,0x000000076f500000)
  from space 10752K, 91% used [0x000000076f500000,0x000000076fe90e78,0x000000076ff80000)
  to   space 10752K, 0% used [0x0000000773f00000,0x0000000773f00000,0x0000000774980000)
 ParOldGen       total 173568K, used 0K [0x00000006c2000000, 0x00000006cc980000, 0x000000076b580000)
  object space 173568K, 0% used [0x00000006c2000000,0x00000006c2000000,0x00000006cc980000)
 Metaspace       used 11821K, capacity 12020K, committed 12288K, reserved 1060864K
  class space    used 1432K, capacity 1513K, committed 1536K, reserved 1048576K
}
Event: 21.503 GC heap before
{Heap before GC invocations=2 (full 0):
 PSYoungGen      total 75776K, used 74819K [0x000000076b580000, 0x0000000774980000, 0x00000007c0000000)
  eden space 65024K, 100% used [0x000000076b580000,0x000000076f500000,0x000000076f500000)
  from space 10752K, 91% used [0x000000076f500000,0x000000076fe90e78,0x000000076ff80000)
  to   space 10752K, 0% used [0x0000000773f00000,0x0000000773f00000,0x0000000774980000)
 ParOldGen       total 173568K, used 0K [0x00000006c2000000, 0x00000006cc980000, 0x000000076b580000)
  object space 173568K, 0% used [0x00000006c2000000,0x00000006c2000000,0x00000006cc980000)
 Metaspace       used 15521K, capacity 15758K, committed 16128K, reserved 1062912K
  class space    used 1866K, capacity 1948K, committed 2048K, reserved 1048576K
Event: 21.756 GC heap after
Heap after GC invocations=2 (full 0):
 PSYoungGen      total 140800K, used 10730K [0x000000076b580000, 0x0000000774980000, 0x00000007c0000000)
  eden space 130048K, 0% used [0x000000076b580000,0x000000076b580000,0x0000000773480000)
  from space 10752K, 99% used [0x0000000773f00000,0x000000077497a8f8,0x0000000774980000)
  to   space 10752K, 0% used [0x0000000773480000,0x0000000773480000,0x0000000773f00000)
 ParOldGen       total 173568K, used 2166K [0x00000006c2000000, 0x00000006cc980000, 0x000000076b580000)
  object space 173568K, 1% used [0x00000006c2000000,0x00000006c221da70,0x00000006cc980000)
 Metaspace       used 15521K, capacity 15758K, committed 16128K, reserved 1062912K
  class space    used 1866K, capacity 1948K, committed 2048K, reserved 1048576K
}

Deoptimization events (10 events):
Event: 19.681 Thread 0x00000216629b8000 Uncommon trap: reason=class_check action=maybe_recompile pc=0x0000021664f589b4 method=java.util.regex.Pattern$CharProperty$1.isSatisfiedBy(I)Z @ 5
Event: 19.687 Thread 0x00000216629b8000 Uncommon trap: reason=unstable_if action=reinterpret pc=0x0000021664e60490 method=org.codehaus.plexus.util.xml.pull.MXParser.nextImpl()I @ 1161
Event: 19.735 Thread 0x00000216629b8000 Uncommon trap: reason=unstable_if action=reinterpret pc=0x000002166501bafc method=org.apache.maven.model.io.xpp3.MavenXpp3ReaderEx.nextTag(Lorg/codehaus/plexus/util/xml/pull/XmlPullParser;)I @ 9
Event: 20.216 Thread 0x00000216629b8000 Uncommon trap: reason=unstable_if action=reinterpret pc=0x0000021665046be0 method=org.codehaus.plexus.util.xml.pull.MXParser.nextImpl()I @ 280
Event: 20.220 Thread 0x00000216629b8000 Uncommon trap: reason=unstable_if action=reinterpret pc=0x0000021664eb18c4 method=java.lang.String.trim()Ljava/lang/String; @ 63
Event: 20.234 Thread 0x00000216629b8000 Uncommon trap: reason=unstable_if action=reinterpret pc=0x0000021664bd032c method=java.lang.String.regionMatches(ZILjava/lang/String;II)Z @ 25
Event: 20.237 Thread 0x00000216629b8000 Uncommon trap: reason=unstable_if action=reinterpret pc=0x000002166505a6c0 method=org.apache.maven.model.interpolation.UrlNormalizingPostProcessor.execute(Ljava/lang/String;Ljava/lang/Object;)Ljava/lang/Object; @ 13
Event: 20.256 Thread 0x00000216629b8000 Uncommon trap: reason=unstable_if action=reinterpret pc=0x0000021664ff1000 method=java.lang.String.trim()Ljava/lang/String; @ 63
Event: 20.349 Thread 0x00000216629b8000 Uncommon trap: reason=unstable_if action=reinterpret pc=0x0000021665086e88 method=org.codehaus.plexus.util.xml.pull.MXParser.nextImpl()I @ 879
Event: 21.037 Thread 0x00000216629b8000 Uncommon trap: reason=unstable_if action=reinterpret pc=0x00000216650aaa98 method=org.codehaus.plexus.util.xml.pull.MXParser.nextImpl()I @ 310

Classes redefined (0 events):
No events

Internal exceptions (10 events):
Event: 16.118 Thread 0x00000216629b8000 Implicit null exception at 0x0000021664955655 to 0x000002166495583d
Event: 17.040 Thread 0x00000216629b8000 Exception <a 'java/lang/NullPointerException'> (0x000000076cc619d0) thrown at [C:\wsjdk\Corretto8Src\installers\windows\zip\corretto-build\buildRoot\hotspot\src\share\vm\interpreter\linkResolver.cpp, line 1185]
Event: 17.040 Thread 0x00000216629b8000 Exception <a 'java/lang/NullPointerException'> (0x000000076cc61be8) thrown at [C:\wsjdk\Corretto8Src\installers\windows\zip\corretto-build\buildRoot\hotspot\src\share\vm\interpreter\linkResolver.cpp, line 1185]
Event: 17.041 Thread 0x00000216629b8000 Exception <a 'java/lang/NullPointerException'> (0x000000076cc61e00) thrown at [C:\wsjdk\Corretto8Src\installers\windows\zip\corretto-build\buildRoot\hotspot\src\share\vm\interpreter\linkResolver.cpp, line 1185]
Event: 17.063 Thread 0x00000216629b8000 Exception <a 'java/lang/NullPointerException'> (0x000000076cc69cf0) thrown at [C:\wsjdk\Corretto8Src\installers\windows\zip\corretto-build\buildRoot\hotspot\src\share\vm\interpreter\linkResolver.cpp, line 1185]
Event: 17.063 Thread 0x00000216629b8000 Exception <a 'java/lang/NullPointerException'> (0x000000076cc69f08) thrown at [C:\wsjdk\Corretto8Src\installers\windows\zip\corretto-build\buildRoot\hotspot\src\share\vm\interpreter\linkResolver.cpp, line 1185]
Event: 17.063 Thread 0x00000216629b8000 Exception <a 'java/lang/NullPointerException'> (0x000000076cc6a120) thrown at [C:\wsjdk\Corretto8Src\installers\windows\zip\corretto-build\buildRoot\hotspot\src\share\vm\interpreter\linkResolver.cpp, line 1185]
Event: 17.406 Thread 0x00000216629b8000 Implicit null exception at 0x0000021664a59616 to 0x0000021664a599c9
Event: 17.406 Thread 0x00000216629b8000 Implicit null exception at 0x0000021664a2d656 to 0x0000021664a2da0d
Event: 17.719 Thread 0x00000216629b8000 Implicit null exception at 0x0000021664ee1384 to 0x0000021664ee2791

Events (10 events):
Event: 21.767 Executing VM operation: RevokeBias
Event: 21.767 Executing VM operation: RevokeBias done
Event: 21.767 Executing VM operation: RevokeBias
Event: 21.767 Executing VM operation: RevokeBias done
Event: 21.767 Executing VM operation: RevokeBias
Event: 21.767 Executing VM operation: RevokeBias done
Event: 21.767 Executing VM operation: RevokeBias
Event: 21.767 Executing VM operation: RevokeBias done
Event: 21.767 Executing VM operation: BulkRevokeBias
Event: 21.767 Executing VM operation: BulkRevokeBias done


Dynamic libraries:
0x00007ff7f7350000 - 0x00007ff7f738a000 	D:\Java_jdk\java_jdk_1.8\bin\java.exe
0x00007fffa84b0000 - 0x00007fffa86a8000 	C:\Windows\SYSTEM32\ntdll.dll
0x00007fffa6510000 - 0x00007fffa65cf000 	C:\Windows\System32\KERNEL32.DLL
0x00007fffa5c30000 - 0x00007fffa5f26000 	C:\Windows\System32\KERNELBASE.dll
0x00007fffa8270000 - 0x00007fffa831f000 	C:\Windows\System32\ADVAPI32.dll
0x00007fffa8190000 - 0x00007fffa822e000 	C:\Windows\System32\msvcrt.dll
0x00007fffa6f30000 - 0x00007fffa6fcc000 	C:\Windows\System32\sechost.dll
0x00007fffa7030000 - 0x00007fffa7156000 	C:\Windows\System32\RPCRT4.dll
0x00007fffa6b00000 - 0x00007fffa6c9d000 	C:\Windows\System32\USER32.dll
0x00007fffa64e0000 - 0x00007fffa6502000 	C:\Windows\System32\win32u.dll
0x00007fffa8440000 - 0x00007fffa846c000 	C:\Windows\System32\GDI32.dll
0x00007fffa62e0000 - 0x00007fffa63f5000 	C:\Windows\System32\gdi32full.dll
0x00007fffa5b90000 - 0x00007fffa5c2d000 	C:\Windows\System32\msvcp_win.dll
0x00007fffa6170000 - 0x00007fffa6270000 	C:\Windows\System32\ucrtbase.dll
0x00007fff90a70000 - 0x00007fff90d0a000 	C:\Windows\WinSxS\amd64_microsoft.windows.common-controls_6595b64144ccf1df_6.0.19041.1110_none_60b5254171f9507e\COMCTL32.dll
0x00007fffa69a0000 - 0x00007fffa69d0000 	C:\Windows\System32\IMM32.DLL
0x00007fff82790000 - 0x00007fff8287f000 	D:\Java_jdk\java_jdk_1.8\jre\bin\msvcr120.dll
0x00007fff84f00000 - 0x00007fff84fa6000 	D:\Java_jdk\java_jdk_1.8\jre\bin\msvcp120.dll
0x00000000515a0000 - 0x0000000051e16000 	D:\Java_jdk\java_jdk_1.8\jre\bin\server\jvm.dll
0x00007fffa8230000 - 0x00007fffa8238000 	C:\Windows\System32\PSAPI.DLL
0x00007fffa2d10000 - 0x00007fffa2d19000 	C:\Windows\SYSTEM32\WSOCK32.dll
0x00007fffa6d00000 - 0x00007fffa6d6b000 	C:\Windows\System32\WS2_32.dll
0x00007fff935c0000 - 0x00007fff935e7000 	C:\Windows\SYSTEM32\WINMM.dll
0x00007fff9f750000 - 0x00007fff9f75a000 	C:\Windows\SYSTEM32\VERSION.dll
0x00007fff8f070000 - 0x00007fff8f07f000 	D:\Java_jdk\java_jdk_1.8\jre\bin\verify.dll
0x00007fff84860000 - 0x00007fff84889000 	D:\Java_jdk\java_jdk_1.8\jre\bin\java.dll
0x00007fff886d0000 - 0x00007fff886e6000 	D:\Java_jdk\java_jdk_1.8\jre\bin\zip.dll
0x00007fffa7270000 - 0x00007fffa79b4000 	C:\Windows\System32\SHELL32.dll
0x00007fffa3b20000 - 0x00007fffa42b4000 	C:\Windows\SYSTEM32\windows.storage.dll
0x00007fffa79c0000 - 0x00007fffa7d14000 	C:\Windows\System32\combase.dll
0x00007fffa55d0000 - 0x00007fffa55fe000 	C:\Windows\SYSTEM32\Wldp.dll
0x00007fffa6a50000 - 0x00007fffa6afd000 	C:\Windows\System32\SHCORE.dll
0x00007fffa6ca0000 - 0x00007fffa6cf5000 	C:\Windows\System32\shlwapi.dll
0x00007fffa5ac0000 - 0x00007fffa5ae5000 	C:\Windows\SYSTEM32\profapi.dll
0x00007fffa5520000 - 0x00007fffa5538000 	C:\Windows\SYSTEM32\CRYPTSP.dll
0x00007fffa4be0000 - 0x00007fffa4c14000 	C:\Windows\system32\rsaenh.dll
0x00007fffa6140000 - 0x00007fffa6167000 	C:\Windows\System32\bcrypt.dll
0x00007fffa5a40000 - 0x00007fffa5a6e000 	C:\Windows\SYSTEM32\USERENV.dll
0x00007fffa6450000 - 0x00007fffa64d2000 	C:\Windows\System32\bcryptprimitives.dll
0x00007fffa5540000 - 0x00007fffa554c000 	C:\Windows\SYSTEM32\CRYPTBASE.dll
0x00007fff85c60000 - 0x00007fff85c7a000 	D:\Java_jdk\java_jdk_1.8\jre\bin\net.dll
0x00007fffa5330000 - 0x00007fffa539a000 	C:\Windows\system32\mswsock.dll
0x00007fffa4fd0000 - 0x00007fffa500c000 	C:\Windows\SYSTEM32\IPHLPAPI.DLL
0x00007fffa6d70000 - 0x00007fffa6d78000 	C:\Windows\System32\NSI.dll
0x00007fff9ecb0000 - 0x00007fff9ecc7000 	C:\Windows\SYSTEM32\dhcpcsvc6.DLL
0x00007fff9ed80000 - 0x00007fff9ed9d000 	C:\Windows\SYSTEM32\dhcpcsvc.DLL
0x00007fffa5010000 - 0x00007fffa50da000 	C:\Windows\SYSTEM32\DNSAPI.dll
0x00007fff854f0000 - 0x00007fff85502000 	D:\Java_jdk\java_jdk_1.8\jre\bin\nio.dll
0x00007fff82de0000 - 0x00007fff82dea000 	C:\Users\Lenovo\AppData\Local\Temp\jansi-1.17.1-8240926628362163534.dll
0x00007fff82dd0000 - 0x00007fff82dda000 	C:\Users\Lenovo\AppData\Local\Temp\jansi-1.17.1-8238074892577733701.dll

VM Arguments:
jvm_args: -Dmaven.multiModuleProjectDirectory=D:\weiyunmall -Dmaven.home=D:\IDEA\apache-maven-3.6.1 -Dclassworlds.conf=D:\IDEA\apache-maven-3.6.1\bin\m2.conf -Dmaven.ext.class.path=D:\UltimateIDEA\IntelliJ IDEA 2022.2.4\plugins\maven\lib\maven-event-listener.jar -Dfile.encoding=UTF-8 
java_command: org.codehaus.classworlds.Launcher -Didea.version=2022.2.4 -s D:\IDEA\apache-maven-3.6.1\conf\settings.xml -Dmaven.repo.local=D:\IDEA\apache-maven-3.6.1\repository install --projects io.renren:renren-generator,com.taotao.weiyunmall:weiyunmall-coupon,io.renren:renren-fast,com.taotao.weiyunmall:weiyunmall-product,com.taotao:weiyunmall-gateway,com.taotao.weiyunmall:weiyunmall-ware,groupId:weiyunmall-common,com.taotao.weiyunmall:weiyunmall-member,groupId:weiyunmall,com.taotao.weiyunmall:weiyunmall-order,com.taotao.weiyunmall:weiyunmall-third-party,com.taotao.weiyunmall:weiyunmall-search -P jdk-1.8
java_class_path (initial): D:\IDEA\apache-maven-3.6.1\boot\plexus-classworlds-2.6.0.jar
Launcher Type: SUN_STANDARD

Environment Variables:
PATH=D:\Java_jdk\jdk_18\bin;C:\Program Files\Common Files\Oracle\Java\javapath;D:\QT\5.12.1\mingw73_64\bin.;C:\Windows\system32;C:\Windows;C:\Windows\System32\Wbem;C:\Windows\System32\WindowsPowerShell\v1.0\;C:\Windows\System32\OpenSSH\;D:\git hub\Git\cmd;D:\software\Anaconda3;D:\software\Anaconda3\Scripts;D:\MatLab\runtime\win64;D:\MatLab\bin;D:\MatLab\polyspace\bin;D:\mysql-5.7.24-winx64\bin;D:\IDEA\apache-maven-3.6.1\bin;D:\Win_Flex\win_flex_bison-latest;D:\Go\bin;D:\Node\node-v10.24.1-win-x64\node_modules\@vue\cli-init\node_modules\.bin;D:\Node\node-v10.24.1-win-x64;D:\Python解释器\Scripts\;D:\Python解释器\;C:\Users\Lenovo\AppData\Local\Microsoft\WindowsApps;C:\Program Files\Bandizip\;D:\pycharm\PyCharm Community Edition 2021.2.3\bin;;D:\QQ游戏大厅\QQGameTempest\Hall.57915\;C:\Users\Lenovo\go\bin;D:\VSCode\Microsoft VS Code\bin;C:\Users\Lenovo\AppData\Roaming\npm;D:\Node\node-v10.24.1-win-x64\node_modules\@vue\cli-init\node_modules\.bin;
USERNAME=Lenovo
OS=Windows_NT
PROCESSOR_IDENTIFIER=Intel64 Family 6 Model 165 Stepping 2, GenuineIntel



---------------  S Y S T E M  ---------------

OS: Windows 10 , 64 bit Build 19041 (10.0.19041.3155)

CPU:total 16 (initial active 16) (8 cores per cpu, 2 threads per core) family 6 model 165 stepping 2, cmov, cx8, fxsr, mmx, sse, sse2, sse3, ssse3, sse4.1, sse4.2, popcnt, avx, avx2, aes, clmul, erms, 3dnowpref, lzcnt, ht, tsc, tscinvbit, bmi1, bmi2, adx

Memory: 4k page, physical 16640816k(366516k free), swap 36251200k(4092k free)

vm_info: OpenJDK 64-Bit Server VM (25.352-b08) for windows-amd64 JRE (1.8.0_352-b08), built on Oct 14 2022 21:22:09 by "Administrator" with MS VC++ 12.0 (VS2013)

time: Fri Jul 28 19:40:07 2023
timezone: 中国标准时间
elapsed time: 21.810496 seconds (0d 0h 0m 21s)

